\BOOKMARK [0][-]{chapter.1}{\376\377\000G\000i\036\333\000i\000\040\000t\000h\000i\036\307\000u\000\040\001\021\036\301\000\040\000t\000\340\000i}{}% 1
\BOOKMARK [1][-]{section.1.1}{\376\377\000P\000r\000o\000d\000u\000c\000t\000\040\000r\000e\000q\000u\000i\000r\000e\000m\000e\000n\000t}{chapter.1}% 2
\BOOKMARK [1][-]{section.1.2}{\376\377\000D\000e\000s\000i\000g\000n\000\040\000S\000p\000e\000c\000i\000f\000i\000c\000a\000t\000i\000o\000n}{chapter.1}% 3
\BOOKMARK [1][-]{section.1.3}{\376\377\000H\000a\000r\000d\000w\000a\000r\000e\000\040\000s\000p\000e\000c\000i\000f\000i\000c\000a\000t\000i\000o\000n}{chapter.1}% 4
\BOOKMARK [1][-]{section.1.4}{\376\377\000S\000o\000f\000t\000w\000a\000r\000e\000\040\000S\000p\000e\000c\000i\000f\000i\000c\000a\000t\000i\000o\000n}{chapter.1}% 5
\BOOKMARK [1][-]{section.1.5}{\376\377\000T\000e\000s\000t\000\040\000S\000p\000e\000c\000i\000f\000i\000c\000a\000t\000i\000o\000n}{chapter.1}% 6
\BOOKMARK [0][-]{chapter.2}{\376\377\000T\000h\000i\036\277\000t\000\040\000k\036\277\000\040\000h\036\307\000\040\000t\000h\036\321\000n\000g}{}% 7
\BOOKMARK [1][-]{section.2.1}{\376\377\000H\000a\000r\000d\000w\000a\000r\000e}{chapter.2}% 8
\BOOKMARK [2][-]{subsection.2.1.1}{\376\377\000T\036\325\000n\000g\000\040\000q\000u\000a\000n\000\040\000h\036\307\000\040\000t\000h\036\321\000n\000g}{section.2.1}% 9
\BOOKMARK [2][-]{subsection.2.1.2}{\376\377\000K\000h\036\321\000i\000\040\000n\000g\000u\036\323\000n}{section.2.1}% 10
\BOOKMARK [2][-]{subsection.2.1.3}{\376\377\000K\000h\036\321\000i\000\040\000x\036\355\000\040\000l\000\375}{section.2.1}% 11
\BOOKMARK [2][-]{subsection.2.1.4}{\376\377\000K\000h\036\321\000i\000\040\000m\036\241\000c\000h\000\040\001\021\000o\000\040\000t\000\355\000n\000\040\000h\000i\036\307\000u\000\040\000A\000n\000a\000l\000o\000g}{section.2.1}% 12
\BOOKMARK [2][-]{subsection.2.1.5}{\376\377\000C\000\341\000c\000\040\000t\000h\000\340\000n\000h\000\040\000p\000h\036\247\000n\000\040\000k\000h\000\341\000c}{section.2.1}% 13
\BOOKMARK [1][-]{section.2.2}{\376\377\000F\000i\000r\000m\000w\000a\000r\000e}{chapter.2}% 14
\BOOKMARK [2][-]{subsection.2.2.1}{\376\377\000L\001\260\000u\000\040\001\021\036\323\000\040\000g\000i\036\243\000i\000\040\000t\000h\000u\036\255\000t\000\040\000c\036\347\000a\000\040\000h\036\307\000\040\000t\000h\036\321\000n\000g}{section.2.2}% 15
\BOOKMARK [2][-]{subsection.2.2.2}{\376\377\000C\000\341\000c\000\040\000h\000\340\000m\000\040\000h\000o\036\241\000t\000\040\001\021\036\331\000n\000g\000\040\000t\000r\000o\000n\000g\000\040\000n\000g\036\257\000t}{section.2.2}% 16
\BOOKMARK [2][-]{subsection.2.2.3}{\376\377\000C\000\341\000c\000\040\000h\000\340\000m\000\040\000h\000o\036\241\000t\000\040\001\021\036\331\000n\000g\000\040\000x\036\355\000\040\000l\000\375\000\040\000t\000r\000o\000n\000g\000\040\000m\000a\000i\000n}{section.2.2}% 17
\BOOKMARK [1][-]{section.2.3}{\376\377\000S\000o\000f\000t\000w\000a\000r\000e}{chapter.2}% 18
\BOOKMARK [0][-]{chapter.3}{\376\377\000N\000g\000u\000y\000\352\000n\000\040\000l\000\375\000\040\000h\000o\036\241\000t\000\040\001\021\036\331\000n\000g}{}% 19
\BOOKMARK [1][-]{section.3.1}{\376\377\000B\036\331\000\040\000n\000g\000u\036\323\000n}{chapter.3}% 20
\BOOKMARK [2][-]{subsection.3.1.1}{\376\377\001\020\000i\036\307\000n\000\040\000\341\000p\000\040\000s\000a\000u\000\040\000k\000h\000i\000\040\000c\000h\036\311\000n\000h\000\040\000l\001\260\000u}{section.3.1}% 21
\BOOKMARK [2][-]{subsection.3.1.2}{\376\377\001\020\000i\036\307\000n\000\040\000\341\000p\000\040\000c\036\245\000p\000\040\000+\0001\0002\000V}{section.3.1}% 22
\BOOKMARK [2][-]{subsection.3.1.3}{\376\377\001\020\000i\036\307\000n\000\040\000\341\000p\000\040\000c\036\245\000p\000\040\000-\0001\0002\000V}{section.3.1}% 23
\BOOKMARK [2][-]{subsection.3.1.4}{\376\377\001\020\000i\036\307\000n\000\040\000\341\000p\000\040\000c\036\245\000p\000\040\000+\0005\000V}{section.3.1}% 24
\BOOKMARK [2][-]{subsection.3.1.5}{\376\377\001\020\000i\036\307\000n\000\040\000\341\000p\000\040\000c\036\245\000p\000\040\000+\0003\000.\0003\000V}{section.3.1}% 25
\BOOKMARK [1][-]{section.3.2}{\376\377\000B\036\331\000\040\000t\000i\036\301\000n\000\040\000l\036\315\000c\000\040\000c\036\347\000a\000\040\000h\036\307\000\040\000t\000h\036\321\000n\000g}{chapter.3}% 26
\BOOKMARK [2][-]{subsection.3.2.1}{\376\377\000B\036\331\000\040\000t\000i\036\301\000n\000\040\000l\036\315\000c\000\040\000c\036\347\000a\000\040\000c\000h\036\277\000\040\001\021\036\331\000\040\001\021\000o\000\040\000D\000C}{section.3.2}% 27
\BOOKMARK [2][-]{subsection.3.2.2}{\376\377\000B\036\331\000\040\000t\000i\036\301\000n\000\040\000l\036\315\000c\000\040\000c\036\347\000a\000\040\000c\000h\036\277\000\040\001\021\036\331\000\040\001\021\000o\000\040\000A\000C}{section.3.2}% 28
\BOOKMARK [1][-]{section.3.3}{\376\377\000C\000h\000u\000y\036\303\000n\000\040\001\021\036\325\000i\000\040\001\021\000i\036\307\000n\000\040\000\341\000p}{chapter.3}% 29
\BOOKMARK [2][-]{subsection.3.3.1}{\376\377\000C\000h\036\277\000\040\001\021\036\331\000\040\000A\000D\000C}{section.3.3}% 30
\BOOKMARK [2][-]{subsection.3.3.2}{\376\377\000C\000h\036\277\000\040\001\021\036\331\000\040\000D\000M\000A}{section.3.3}% 31
\BOOKMARK [1][-]{section.3.4}{\376\377\000T\000\355\000n\000h\000\040\000t\000o\000\341\000n\000\040\000g\000i\000\341\000\040\000t\000r\036\313\000\040\000v\000\340\000\040\000h\000i\036\303\000n\000\040\000t\000h\036\313\000\040\000g\000i\000\341\000\040\000t\000r\036\313}{chapter.3}% 32
\BOOKMARK [2][-]{subsection.3.4.1}{\376\377\000T\000\355\000n\000h\000\040\000t\000o\000\341\000n\000\040\000g\000i\000\341\000\040\000t\000r\036\313\000\040\036\337\000\040\000c\000h\036\277\000\040\001\021\036\331\000\040\000A\000C}{section.3.4}% 33
\BOOKMARK [2][-]{subsection.3.4.2}{\376\377\000T\000\355\000n\000h\000\040\000t\000o\000\341\000n\000\040\000g\000i\000\341\000\040\000t\000r\036\313\000\040\036\337\000\040\000c\000h\036\277\000\040\001\021\036\331\000\040\000D\000C}{section.3.4}% 34
\BOOKMARK [2][-]{subsection.3.4.3}{\376\377\000H\000i\036\303\000n\000\040\000t\000h\036\313\000\040\000g\000i\000\341\000\040\000t\000r\036\313}{section.3.4}% 35
\BOOKMARK [1][-]{section.3.5}{\376\377\000T\000r\000u\000y\036\301\000n\000\040\000d\036\357\000\040\000l\000i\036\307\000u\000\040\000l\000\352\000n\000\040\000m\000\341\000y\000\040\000t\000\355\000n\000h}{chapter.3}% 36
\BOOKMARK [0][-]{chapter.4}{\376\377\000K\036\277\000t\000\040\000q\000u\036\243\000\040\000t\000h\036\361\000c\000\040\000h\000i\036\307\000n}{}% 37
\BOOKMARK [1][-]{section.4.1}{\376\377\000T\000h\000i\000\040\000c\000\364\000n\000g\000\040\000m\036\241\000c\000h}{chapter.4}% 38
\BOOKMARK [2][-]{subsection.4.1.1}{\376\377\000P\000C\000B}{section.4.1}% 39
\BOOKMARK [2][-]{subsection.4.1.2}{\376\377\000M\036\241\000c\000h\000\040\000t\000h\036\361\000c\000\040\000t\036\277}{section.4.1}% 40
