This is pdfTeX, Version 3.141592653-2.6-1.40.26 (MiKTeX 24.4) (preloaded format=pdflatex 2025.1.6)  6 JAN 2025 22:47
entering extended mode
 restricted \write18 enabled.
 %&-line parsing enabled.
**./oscilloscope.tex
(oscilloscope.tex
LaTeX2e <2024-11-01> patch level 1
L3 programming layer <2024-12-09>
(C:\Users\nguye\AppData\Local\Programs\MiKTeX\tex/latex/base\report.cls
Document Class: report 2024/06/29 v1.4n Standard LaTeX document class
(C:\Users\nguye\AppData\Local\Programs\MiKTeX\tex/latex/base\size12.clo
File: size12.clo 2024/06/29 v1.4n Standard LaTeX file (size option)
)
\c@part=\count196
\c@chapter=\count197
\c@section=\count198
\c@subsection=\count199
\c@subsubsection=\count266
\c@paragraph=\count267
\c@subparagraph=\count268
\c@figure=\count269
\c@table=\count270
\abovecaptionskip=\skip49
\belowcaptionskip=\skip50
\bibindent=\dimen141
)
(C:\Users\nguye\AppData\Local\Programs\MiKTeX\tex/latex/vntex\vietnam.sty
Package: vietnam 2009/07/12 v1.3 support for Vietnamese

(C:\Users\nguye\AppData\Local\Programs\MiKTeX\tex/latex/base\ifthen.sty
Package: ifthen 2024/03/16 v1.1e Standard LaTeX ifthen package (DPC)
)
(C:\Users\nguye\AppData\Local\Programs\MiKTeX\tex/latex/base\fontenc.sty
Package: fontenc 2021/04/29 v2.0v Standard LaTeX package

(C:\Users\nguye\AppData\Local\Programs\MiKTeX\tex/latex/vntex\t5enc.def
File: t5enc.def 2006/11/21 v1.4 Vietnamese T5 encoding
Now handling font encoding T5 ...
... processing UTF-8 mapping file for font encoding T5

(C:\Users\nguye\AppData\Local\Programs\MiKTeX\tex/latex/vntex\t5enc.dfu
File: t5enc.dfu 2006/08/19 v1.1 UTF8 support for Vietnamese
   defining Unicode char U+00AB (decimal 171)
   defining Unicode char U+00BB (decimal 187)
   defining Unicode char U+00C0 (decimal 192)
   defining Unicode char U+00C1 (decimal 193)
   defining Unicode char U+00C2 (decimal 194)
   defining Unicode char U+00C3 (decimal 195)
   defining Unicode char U+00C8 (decimal 200)
   defining Unicode char U+00C9 (decimal 201)
   defining Unicode char U+00CA (decimal 202)
   defining Unicode char U+00CC (decimal 204)
   defining Unicode char U+00CD (decimal 205)
   defining Unicode char U+00D2 (decimal 210)
   defining Unicode char U+00D3 (decimal 211)
   defining Unicode char U+00D4 (decimal 212)
   defining Unicode char U+00D5 (decimal 213)
   defining Unicode char U+00D9 (decimal 217)
   defining Unicode char U+00DA (decimal 218)
   defining Unicode char U+00DD (decimal 221)
   defining Unicode char U+00E0 (decimal 224)
   defining Unicode char U+00E1 (decimal 225)
   defining Unicode char U+00E2 (decimal 226)
   defining Unicode char U+00E3 (decimal 227)
   defining Unicode char U+00E8 (decimal 232)
   defining Unicode char U+00E9 (decimal 233)
   defining Unicode char U+00EA (decimal 234)
   defining Unicode char U+00EC (decimal 236)
   defining Unicode char U+00ED (decimal 237)
   defining Unicode char U+00F2 (decimal 242)
   defining Unicode char U+00F3 (decimal 243)
   defining Unicode char U+00F4 (decimal 244)
   defining Unicode char U+00F5 (decimal 245)
   defining Unicode char U+00F9 (decimal 249)
   defining Unicode char U+00FA (decimal 250)
   defining Unicode char U+00FD (decimal 253)
   defining Unicode char U+0102 (decimal 258)
   defining Unicode char U+0103 (decimal 259)
   defining Unicode char U+0110 (decimal 272)
   defining Unicode char U+0111 (decimal 273)
   defining Unicode char U+0128 (decimal 296)
   defining Unicode char U+0129 (decimal 297)
   defining Unicode char U+0131 (decimal 305)
   defining Unicode char U+0168 (decimal 360)
   defining Unicode char U+0169 (decimal 361)
   defining Unicode char U+01A0 (decimal 416)
   defining Unicode char U+01A1 (decimal 417)
   defining Unicode char U+01AF (decimal 431)
   defining Unicode char U+01B0 (decimal 432)
   defining Unicode char U+1EA0 (decimal 7840)
   defining Unicode char U+1EA1 (decimal 7841)
   defining Unicode char U+1EA2 (decimal 7842)
   defining Unicode char U+1EA3 (decimal 7843)
   defining Unicode char U+1EA4 (decimal 7844)
   defining Unicode char U+1EA5 (decimal 7845)
   defining Unicode char U+1EA6 (decimal 7846)
   defining Unicode char U+1EA7 (decimal 7847)
   defining Unicode char U+1EA8 (decimal 7848)
   defining Unicode char U+1EA9 (decimal 7849)
   defining Unicode char U+1EAA (decimal 7850)
   defining Unicode char U+1EAB (decimal 7851)
   defining Unicode char U+1EAC (decimal 7852)
   defining Unicode char U+1EAD (decimal 7853)
   defining Unicode char U+1EAE (decimal 7854)
   defining Unicode char U+1EAF (decimal 7855)
   defining Unicode char U+1EB0 (decimal 7856)
   defining Unicode char U+1EB1 (decimal 7857)
   defining Unicode char U+1EB2 (decimal 7858)
   defining Unicode char U+1EB3 (decimal 7859)
   defining Unicode char U+1EB4 (decimal 7860)
   defining Unicode char U+1EB5 (decimal 7861)
   defining Unicode char U+1EB6 (decimal 7862)
   defining Unicode char U+1EB7 (decimal 7863)
   defining Unicode char U+1EB8 (decimal 7864)
   defining Unicode char U+1EB9 (decimal 7865)
   defining Unicode char U+1EBA (decimal 7866)
   defining Unicode char U+1EBB (decimal 7867)
   defining Unicode char U+1EBC (decimal 7868)
   defining Unicode char U+1EBD (decimal 7869)
   defining Unicode char U+1EBE (decimal 7870)
   defining Unicode char U+1EBF (decimal 7871)
   defining Unicode char U+1EC0 (decimal 7872)
   defining Unicode char U+1EC1 (decimal 7873)
   defining Unicode char U+1EC2 (decimal 7874)
   defining Unicode char U+1EC3 (decimal 7875)
   defining Unicode char U+1EC4 (decimal 7876)
   defining Unicode char U+1EC5 (decimal 7877)
   defining Unicode char U+1EC6 (decimal 7878)
   defining Unicode char U+1EC7 (decimal 7879)
   defining Unicode char U+1EC8 (decimal 7880)
   defining Unicode char U+1EC9 (decimal 7881)
   defining Unicode char U+1ECA (decimal 7882)
   defining Unicode char U+1ECB (decimal 7883)
   defining Unicode char U+1ECC (decimal 7884)
   defining Unicode char U+1ECD (decimal 7885)
   defining Unicode char U+1ECE (decimal 7886)
   defining Unicode char U+1ECF (decimal 7887)
   defining Unicode char U+1ED0 (decimal 7888)
   defining Unicode char U+1ED1 (decimal 7889)
   defining Unicode char U+1ED2 (decimal 7890)
   defining Unicode char U+1ED3 (decimal 7891)
   defining Unicode char U+1ED4 (decimal 7892)
   defining Unicode char U+1ED5 (decimal 7893)
   defining Unicode char U+1ED6 (decimal 7894)
   defining Unicode char U+1ED7 (decimal 7895)
   defining Unicode char U+1ED8 (decimal 7896)
   defining Unicode char U+1ED9 (decimal 7897)
   defining Unicode char U+1EDA (decimal 7898)
   defining Unicode char U+1EDB (decimal 7899)
   defining Unicode char U+1EDC (decimal 7900)
   defining Unicode char U+1EDD (decimal 7901)
   defining Unicode char U+1EDE (decimal 7902)
   defining Unicode char U+1EDF (decimal 7903)
   defining Unicode char U+1EE0 (decimal 7904)
   defining Unicode char U+1EE1 (decimal 7905)
   defining Unicode char U+1EE2 (decimal 7906)
   defining Unicode char U+1EE3 (decimal 7907)
   defining Unicode char U+1EE4 (decimal 7908)
   defining Unicode char U+1EE5 (decimal 7909)
   defining Unicode char U+1EE6 (decimal 7910)
   defining Unicode char U+1EE7 (decimal 7911)
   defining Unicode char U+1EE8 (decimal 7912)
   defining Unicode char U+1EE9 (decimal 7913)
   defining Unicode char U+1EEA (decimal 7914)
   defining Unicode char U+1EEB (decimal 7915)
   defining Unicode char U+1EEC (decimal 7916)
   defining Unicode char U+1EED (decimal 7917)
   defining Unicode char U+1EEE (decimal 7918)
   defining Unicode char U+1EEF (decimal 7919)
   defining Unicode char U+1EF0 (decimal 7920)
   defining Unicode char U+1EF1 (decimal 7921)
   defining Unicode char U+1EF2 (decimal 7922)
   defining Unicode char U+1EF3 (decimal 7923)
   defining Unicode char U+1EF4 (decimal 7924)
   defining Unicode char U+1EF5 (decimal 7925)
   defining Unicode char U+1EF6 (decimal 7926)
   defining Unicode char U+1EF7 (decimal 7927)
   defining Unicode char U+1EF8 (decimal 7928)
   defining Unicode char U+1EF9 (decimal 7929)
   defining Unicode char U+200C (decimal 8204)
   defining Unicode char U+2013 (decimal 8211)
   defining Unicode char U+2014 (decimal 8212)
   defining Unicode char U+2018 (decimal 8216)
   defining Unicode char U+2019 (decimal 8217)
   defining Unicode char U+201A (decimal 8218)
   defining Unicode char U+201C (decimal 8220)
   defining Unicode char U+201D (decimal 8221)
   defining Unicode char U+201E (decimal 8222)
   defining Unicode char U+2030 (decimal 8240)
   defining Unicode char U+2031 (decimal 8241)
   defining Unicode char U+2039 (decimal 8249)
   defining Unicode char U+203A (decimal 8250)
   defining Unicode char U+2423 (decimal 9251)
))
LaTeX Font Info:    Trying to load font information for T5+cmr on input line 11
6.

(C:\Users\nguye\AppData\Local\Programs\MiKTeX\tex/latex/vntex\t5cmr.fd
File: t5cmr.fd 1999/05/25 v2.5h Standard LaTeX font definitions
))
(C:\Users\nguye\AppData\Local\Programs\MiKTeX\tex/latex/base\inputenc.sty
Package: inputenc 2024/02/08 v1.3d Input encoding file
\inpenc@prehook=\toks17
\inpenc@posthook=\toks18
)
(C:\Users\nguye\AppData\Local\Programs\MiKTeX\tex/latex/vntex\vncaps.tex
File: vncaps.tex 2006/06/07 v1.1 Captions in Vietnamese
))
(C:\Users\nguye\AppData\Local\Programs\MiKTeX\tex/latex/geometry\geometry.sty
Package: geometry 2020/01/02 v5.9 Page Geometry

(C:\Users\nguye\AppData\Local\Programs\MiKTeX\tex/latex/graphics\keyval.sty
Package: keyval 2022/05/29 v1.15 key=value parser (DPC)
\KV@toks@=\toks19
)
(C:\Users\nguye\AppData\Local\Programs\MiKTeX\tex/generic/iftex\ifvtex.sty
Package: ifvtex 2019/10/25 v1.7 ifvtex legacy package. Use iftex instead.

(C:\Users\nguye\AppData\Local\Programs\MiKTeX\tex/generic/iftex\iftex.sty
Package: iftex 2024/12/12 v1.0g TeX engine tests
))
\Gm@cnth=\count271
\Gm@cntv=\count272
\c@Gm@tempcnt=\count273
\Gm@bindingoffset=\dimen142
\Gm@wd@mp=\dimen143
\Gm@odd@mp=\dimen144
\Gm@even@mp=\dimen145
\Gm@layoutwidth=\dimen146
\Gm@layoutheight=\dimen147
\Gm@layouthoffset=\dimen148
\Gm@layoutvoffset=\dimen149
\Gm@dimlist=\toks20

(C:\Users\nguye\AppData\Local\Programs\MiKTeX\tex/latex/geometry\geometry.cfg))

(C:\Users\nguye\AppData\Local\Programs\MiKTeX\tex/latex/background\background.s
ty
Package: background 2014/03/04 v2.1 background material
 (C:\Users\nguye\AppData\Local\Programs\MiKTeX\tex/latex/xkeyval\xkeyval.sty
Package: xkeyval 2022/06/16 v2.9 package option processing (HA)

(C:\Users\nguye\AppData\Local\Programs\MiKTeX\tex/generic/xkeyval\xkeyval.tex
(C:\Users\nguye\AppData\Local\Programs\MiKTeX\tex/generic/xkeyval\xkvutils.tex
\XKV@toks=\toks21
\XKV@tempa@toks=\toks22
)
\XKV@depth=\count274
File: xkeyval.tex 2014/12/03 v2.7a key=value parser (HA)
))
(C:\Users\nguye\AppData\Local\Programs\MiKTeX\tex/latex/pgf/frontendlayer\tikz.
sty
(C:\Users\nguye\AppData\Local\Programs\MiKTeX\tex/latex/pgf/basiclayer\pgf.sty
(C:\Users\nguye\AppData\Local\Programs\MiKTeX\tex/latex/pgf/utilities\pgfrcs.st
y
(C:\Users\nguye\AppData\Local\Programs\MiKTeX\tex/generic/pgf/utilities\pgfutil
-common.tex
\pgfutil@everybye=\toks23
\pgfutil@tempdima=\dimen150
\pgfutil@tempdimb=\dimen151
)
(C:\Users\nguye\AppData\Local\Programs\MiKTeX\tex/generic/pgf/utilities\pgfutil
-latex.def
\pgfutil@abb=\box52
)
(C:\Users\nguye\AppData\Local\Programs\MiKTeX\tex/generic/pgf/utilities\pgfrcs.
code.tex
(C:\Users\nguye\AppData\Local\Programs\MiKTeX\tex/generic/pgf\pgf.revision.tex)
Package: pgfrcs 2023-01-15 v3.1.10 (3.1.10)
))
Package: pgf 2023-01-15 v3.1.10 (3.1.10)

(C:\Users\nguye\AppData\Local\Programs\MiKTeX\tex/latex/pgf/basiclayer\pgfcore.
sty
(C:\Users\nguye\AppData\Local\Programs\MiKTeX\tex/latex/graphics\graphicx.sty
Package: graphicx 2021/09/16 v1.2d Enhanced LaTeX Graphics (DPC,SPQR)

(C:\Users\nguye\AppData\Local\Programs\MiKTeX\tex/latex/graphics\graphics.sty
Package: graphics 2024/08/06 v1.4g Standard LaTeX Graphics (DPC,SPQR)

(C:\Users\nguye\AppData\Local\Programs\MiKTeX\tex/latex/graphics\trig.sty
Package: trig 2023/12/02 v1.11 sin cos tan (DPC)
)
(C:\Users\nguye\AppData\Local\Programs\MiKTeX\tex/latex/graphics-cfg\graphics.c
fg
File: graphics.cfg 2016/06/04 v1.11 sample graphics configuration
)
Package graphics Info: Driver file: pdftex.def on input line 106.

(C:\Users\nguye\AppData\Local\Programs\MiKTeX\tex/latex/graphics-def\pdftex.def
File: pdftex.def 2024/04/13 v1.2c Graphics/color driver for pdftex
))
\Gin@req@height=\dimen152
\Gin@req@width=\dimen153
)
(C:\Users\nguye\AppData\Local\Programs\MiKTeX\tex/latex/pgf/systemlayer\pgfsys.
sty
(C:\Users\nguye\AppData\Local\Programs\MiKTeX\tex/generic/pgf/systemlayer\pgfsy
s.code.tex
Package: pgfsys 2023-01-15 v3.1.10 (3.1.10)

(C:\Users\nguye\AppData\Local\Programs\MiKTeX\tex/generic/pgf/utilities\pgfkeys
.code.tex
\pgfkeys@pathtoks=\toks24
\pgfkeys@temptoks=\toks25

(C:\Users\nguye\AppData\Local\Programs\MiKTeX\tex/generic/pgf/utilities\pgfkeys
libraryfiltered.code.tex
\pgfkeys@tmptoks=\toks26
))
\pgf@x=\dimen154
\pgf@y=\dimen155
\pgf@xa=\dimen156
\pgf@ya=\dimen157
\pgf@xb=\dimen158
\pgf@yb=\dimen159
\pgf@xc=\dimen160
\pgf@yc=\dimen161
\pgf@xd=\dimen162
\pgf@yd=\dimen163
\w@pgf@writea=\write3
\r@pgf@reada=\read2
\c@pgf@counta=\count275
\c@pgf@countb=\count276
\c@pgf@countc=\count277
\c@pgf@countd=\count278
\t@pgf@toka=\toks27
\t@pgf@tokb=\toks28
\t@pgf@tokc=\toks29
\pgf@sys@id@count=\count279

(C:\Users\nguye\AppData\Local\Programs\MiKTeX\tex/generic/pgf/systemlayer\pgf.c
fg
File: pgf.cfg 2023-01-15 v3.1.10 (3.1.10)
)
Driver file for pgf: pgfsys-pdftex.def

(C:\Users\nguye\AppData\Local\Programs\MiKTeX\tex/generic/pgf/systemlayer\pgfsy
s-pdftex.def
File: pgfsys-pdftex.def 2023-01-15 v3.1.10 (3.1.10)

(C:\Users\nguye\AppData\Local\Programs\MiKTeX\tex/generic/pgf/systemlayer\pgfsy
s-common-pdf.def
File: pgfsys-common-pdf.def 2023-01-15 v3.1.10 (3.1.10)
)))
(C:\Users\nguye\AppData\Local\Programs\MiKTeX\tex/generic/pgf/systemlayer\pgfsy
ssoftpath.code.tex
File: pgfsyssoftpath.code.tex 2023-01-15 v3.1.10 (3.1.10)
\pgfsyssoftpath@smallbuffer@items=\count280
\pgfsyssoftpath@bigbuffer@items=\count281
)
(C:\Users\nguye\AppData\Local\Programs\MiKTeX\tex/generic/pgf/systemlayer\pgfsy
sprotocol.code.tex
File: pgfsysprotocol.code.tex 2023-01-15 v3.1.10 (3.1.10)
))
(C:\Users\nguye\AppData\Local\Programs\MiKTeX\tex/latex/xcolor\xcolor.sty
Package: xcolor 2024/09/29 v3.02 LaTeX color extensions (UK)

(C:\Users\nguye\AppData\Local\Programs\MiKTeX\tex/latex/graphics-cfg\color.cfg
File: color.cfg 2016/01/02 v1.6 sample color configuration
)
Package xcolor Info: Driver file: pdftex.def on input line 274.
(C:\Users\nguye\AppData\Local\Programs\MiKTeX\tex/latex/graphics\mathcolor.ltx)
Package xcolor Info: Model `cmy' substituted by `cmy0' on input line 1349.
Package xcolor Info: Model `hsb' substituted by `rgb' on input line 1353.
Package xcolor Info: Model `RGB' extended on input line 1365.
Package xcolor Info: Model `HTML' substituted by `rgb' on input line 1367.
Package xcolor Info: Model `Hsb' substituted by `hsb' on input line 1368.
Package xcolor Info: Model `tHsb' substituted by `hsb' on input line 1369.
Package xcolor Info: Model `HSB' substituted by `hsb' on input line 1370.
Package xcolor Info: Model `Gray' substituted by `gray' on input line 1371.
Package xcolor Info: Model `wave' substituted by `hsb' on input line 1372.
)
(C:\Users\nguye\AppData\Local\Programs\MiKTeX\tex/generic/pgf/basiclayer\pgfcor
e.code.tex
Package: pgfcore 2023-01-15 v3.1.10 (3.1.10)

(C:\Users\nguye\AppData\Local\Programs\MiKTeX\tex/generic/pgf/math\pgfmath.code
.tex
(C:\Users\nguye\AppData\Local\Programs\MiKTeX\tex/generic/pgf/math\pgfmathutil.
code.tex)
(C:\Users\nguye\AppData\Local\Programs\MiKTeX\tex/generic/pgf/math\pgfmathparse
r.code.tex
\pgfmath@dimen=\dimen164
\pgfmath@count=\count282
\pgfmath@box=\box53
\pgfmath@toks=\toks30
\pgfmath@stack@operand=\toks31
\pgfmath@stack@operation=\toks32
)
(C:\Users\nguye\AppData\Local\Programs\MiKTeX\tex/generic/pgf/math\pgfmathfunct
ions.code.tex)
(C:\Users\nguye\AppData\Local\Programs\MiKTeX\tex/generic/pgf/math\pgfmathfunct
ions.basic.code.tex)
(C:\Users\nguye\AppData\Local\Programs\MiKTeX\tex/generic/pgf/math\pgfmathfunct
ions.trigonometric.code.tex)
(C:\Users\nguye\AppData\Local\Programs\MiKTeX\tex/generic/pgf/math\pgfmathfunct
ions.random.code.tex)
(C:\Users\nguye\AppData\Local\Programs\MiKTeX\tex/generic/pgf/math\pgfmathfunct
ions.comparison.code.tex)
(C:\Users\nguye\AppData\Local\Programs\MiKTeX\tex/generic/pgf/math\pgfmathfunct
ions.base.code.tex)
(C:\Users\nguye\AppData\Local\Programs\MiKTeX\tex/generic/pgf/math\pgfmathfunct
ions.round.code.tex)
(C:\Users\nguye\AppData\Local\Programs\MiKTeX\tex/generic/pgf/math\pgfmathfunct
ions.misc.code.tex)
(C:\Users\nguye\AppData\Local\Programs\MiKTeX\tex/generic/pgf/math\pgfmathfunct
ions.integerarithmetics.code.tex)
(C:\Users\nguye\AppData\Local\Programs\MiKTeX\tex/generic/pgf/math\pgfmathcalc.
code.tex)
(C:\Users\nguye\AppData\Local\Programs\MiKTeX\tex/generic/pgf/math\pgfmathfloat
.code.tex
\c@pgfmathroundto@lastzeros=\count283
))
(C:\Users\nguye\AppData\Local\Programs\MiKTeX\tex/generic/pgf/math\pgfint.code.
tex)
(C:\Users\nguye\AppData\Local\Programs\MiKTeX\tex/generic/pgf/basiclayer\pgfcor
epoints.code.tex
File: pgfcorepoints.code.tex 2023-01-15 v3.1.10 (3.1.10)
\pgf@picminx=\dimen165
\pgf@picmaxx=\dimen166
\pgf@picminy=\dimen167
\pgf@picmaxy=\dimen168
\pgf@pathminx=\dimen169
\pgf@pathmaxx=\dimen170
\pgf@pathminy=\dimen171
\pgf@pathmaxy=\dimen172
\pgf@xx=\dimen173
\pgf@xy=\dimen174
\pgf@yx=\dimen175
\pgf@yy=\dimen176
\pgf@zx=\dimen177
\pgf@zy=\dimen178
)
(C:\Users\nguye\AppData\Local\Programs\MiKTeX\tex/generic/pgf/basiclayer\pgfcor
epathconstruct.code.tex
File: pgfcorepathconstruct.code.tex 2023-01-15 v3.1.10 (3.1.10)
\pgf@path@lastx=\dimen179
\pgf@path@lasty=\dimen180
)
(C:\Users\nguye\AppData\Local\Programs\MiKTeX\tex/generic/pgf/basiclayer\pgfcor
epathusage.code.tex
File: pgfcorepathusage.code.tex 2023-01-15 v3.1.10 (3.1.10)
\pgf@shorten@end@additional=\dimen181
\pgf@shorten@start@additional=\dimen182
)
(C:\Users\nguye\AppData\Local\Programs\MiKTeX\tex/generic/pgf/basiclayer\pgfcor
escopes.code.tex
File: pgfcorescopes.code.tex 2023-01-15 v3.1.10 (3.1.10)
\pgfpic=\box54
\pgf@hbox=\box55
\pgf@layerbox@main=\box56
\pgf@picture@serial@count=\count284
)
(C:\Users\nguye\AppData\Local\Programs\MiKTeX\tex/generic/pgf/basiclayer\pgfcor
egraphicstate.code.tex
File: pgfcoregraphicstate.code.tex 2023-01-15 v3.1.10 (3.1.10)
\pgflinewidth=\dimen183
)
(C:\Users\nguye\AppData\Local\Programs\MiKTeX\tex/generic/pgf/basiclayer\pgfcor
etransformations.code.tex
File: pgfcoretransformations.code.tex 2023-01-15 v3.1.10 (3.1.10)
\pgf@pt@x=\dimen184
\pgf@pt@y=\dimen185
\pgf@pt@temp=\dimen186
)
(C:\Users\nguye\AppData\Local\Programs\MiKTeX\tex/generic/pgf/basiclayer\pgfcor
equick.code.tex
File: pgfcorequick.code.tex 2023-01-15 v3.1.10 (3.1.10)
)
(C:\Users\nguye\AppData\Local\Programs\MiKTeX\tex/generic/pgf/basiclayer\pgfcor
eobjects.code.tex
File: pgfcoreobjects.code.tex 2023-01-15 v3.1.10 (3.1.10)
)
(C:\Users\nguye\AppData\Local\Programs\MiKTeX\tex/generic/pgf/basiclayer\pgfcor
epathprocessing.code.tex
File: pgfcorepathprocessing.code.tex 2023-01-15 v3.1.10 (3.1.10)
)
(C:\Users\nguye\AppData\Local\Programs\MiKTeX\tex/generic/pgf/basiclayer\pgfcor
earrows.code.tex
File: pgfcorearrows.code.tex 2023-01-15 v3.1.10 (3.1.10)
\pgfarrowsep=\dimen187
)
(C:\Users\nguye\AppData\Local\Programs\MiKTeX\tex/generic/pgf/basiclayer\pgfcor
eshade.code.tex
File: pgfcoreshade.code.tex 2023-01-15 v3.1.10 (3.1.10)
\pgf@max=\dimen188
\pgf@sys@shading@range@num=\count285
\pgf@shadingcount=\count286
)
(C:\Users\nguye\AppData\Local\Programs\MiKTeX\tex/generic/pgf/basiclayer\pgfcor
eimage.code.tex
File: pgfcoreimage.code.tex 2023-01-15 v3.1.10 (3.1.10)
)
(C:\Users\nguye\AppData\Local\Programs\MiKTeX\tex/generic/pgf/basiclayer\pgfcor
eexternal.code.tex
File: pgfcoreexternal.code.tex 2023-01-15 v3.1.10 (3.1.10)
\pgfexternal@startupbox=\box57
)
(C:\Users\nguye\AppData\Local\Programs\MiKTeX\tex/generic/pgf/basiclayer\pgfcor
elayers.code.tex
File: pgfcorelayers.code.tex 2023-01-15 v3.1.10 (3.1.10)
)
(C:\Users\nguye\AppData\Local\Programs\MiKTeX\tex/generic/pgf/basiclayer\pgfcor
etransparency.code.tex
File: pgfcoretransparency.code.tex 2023-01-15 v3.1.10 (3.1.10)
)
(C:\Users\nguye\AppData\Local\Programs\MiKTeX\tex/generic/pgf/basiclayer\pgfcor
epatterns.code.tex
File: pgfcorepatterns.code.tex 2023-01-15 v3.1.10 (3.1.10)
)
(C:\Users\nguye\AppData\Local\Programs\MiKTeX\tex/generic/pgf/basiclayer\pgfcor
erdf.code.tex
File: pgfcorerdf.code.tex 2023-01-15 v3.1.10 (3.1.10)
)))
(C:\Users\nguye\AppData\Local\Programs\MiKTeX\tex/generic/pgf/modules\pgfmodule
shapes.code.tex
File: pgfmoduleshapes.code.tex 2023-01-15 v3.1.10 (3.1.10)
\pgfnodeparttextbox=\box58
)
(C:\Users\nguye\AppData\Local\Programs\MiKTeX\tex/generic/pgf/modules\pgfmodule
plot.code.tex
File: pgfmoduleplot.code.tex 2023-01-15 v3.1.10 (3.1.10)
)
(C:\Users\nguye\AppData\Local\Programs\MiKTeX\tex/latex/pgf/compatibility\pgfco
mp-version-0-65.sty
Package: pgfcomp-version-0-65 2023-01-15 v3.1.10 (3.1.10)
\pgf@nodesepstart=\dimen189
\pgf@nodesepend=\dimen190
)
(C:\Users\nguye\AppData\Local\Programs\MiKTeX\tex/latex/pgf/compatibility\pgfco
mp-version-1-18.sty
Package: pgfcomp-version-1-18 2023-01-15 v3.1.10 (3.1.10)
))
(C:\Users\nguye\AppData\Local\Programs\MiKTeX\tex/latex/pgf/utilities\pgffor.st
y
(C:\Users\nguye\AppData\Local\Programs\MiKTeX\tex/latex/pgf/utilities\pgfkeys.s
ty
(C:\Users\nguye\AppData\Local\Programs\MiKTeX\tex/generic/pgf/utilities\pgfkeys
.code.tex))
(C:\Users\nguye\AppData\Local\Programs\MiKTeX\tex/latex/pgf/math\pgfmath.sty
(C:\Users\nguye\AppData\Local\Programs\MiKTeX\tex/generic/pgf/math\pgfmath.code
.tex))
(C:\Users\nguye\AppData\Local\Programs\MiKTeX\tex/generic/pgf/utilities\pgffor.
code.tex
Package: pgffor 2023-01-15 v3.1.10 (3.1.10)
\pgffor@iter=\dimen191
\pgffor@skip=\dimen192
\pgffor@stack=\toks33
\pgffor@toks=\toks34
))
(C:\Users\nguye\AppData\Local\Programs\MiKTeX\tex/generic/pgf/frontendlayer/tik
z\tikz.code.tex
Package: tikz 2023-01-15 v3.1.10 (3.1.10)

(C:\Users\nguye\AppData\Local\Programs\MiKTeX\tex/generic/pgf/libraries\pgflibr
aryplothandlers.code.tex
File: pgflibraryplothandlers.code.tex 2023-01-15 v3.1.10 (3.1.10)
\pgf@plot@mark@count=\count287
\pgfplotmarksize=\dimen193
)
\tikz@lastx=\dimen194
\tikz@lasty=\dimen195
\tikz@lastxsaved=\dimen196
\tikz@lastysaved=\dimen197
\tikz@lastmovetox=\dimen198
\tikz@lastmovetoy=\dimen199
\tikzleveldistance=\dimen256
\tikzsiblingdistance=\dimen257
\tikz@figbox=\box59
\tikz@figbox@bg=\box60
\tikz@tempbox=\box61
\tikz@tempbox@bg=\box62
\tikztreelevel=\count288
\tikznumberofchildren=\count289
\tikznumberofcurrentchild=\count290
\tikz@fig@count=\count291

(C:\Users\nguye\AppData\Local\Programs\MiKTeX\tex/generic/pgf/modules\pgfmodule
matrix.code.tex
File: pgfmodulematrix.code.tex 2023-01-15 v3.1.10 (3.1.10)
\pgfmatrixcurrentrow=\count292
\pgfmatrixcurrentcolumn=\count293
\pgf@matrix@numberofcolumns=\count294
)
\tikz@expandcount=\count295

(C:\Users\nguye\AppData\Local\Programs\MiKTeX\tex/generic/pgf/frontendlayer/tik
z/libraries\tikzlibrarytopaths.code.tex
File: tikzlibrarytopaths.code.tex 2023-01-15 v3.1.10 (3.1.10)
)))
(C:\Users\nguye\AppData\Local\Programs\MiKTeX\tex/latex/everypage\everypage.sty
Package: everypage 2020/10/17 R2.0b Hooks to run on every page

Package everypage Warning: Functionality similar to this package has recently
(everypage)                been implemented in LaTeX. This package is now in
(everypage)                legacy status.
(everypage)                Please, don't use it in new documents and packages.


Package everypage Warning: You appear to be running a version of LaTeX
(everypage)                providing the new functionality.
(everypage)                Doing the best to deliver the original `everypage`
(everypage)                interface on top of it. Strict equivalence is
(everypage)                not possible, breakage may occur.
(everypage)                If truly needed, Use `everypage-1x` to force the
(everypage)                loading of an older code base.

) (C:\Users\nguye\AppData\Local\Programs\MiKTeX\tex/latex/tools\afterpage.sty
Package: afterpage 2023/07/04 v1.08 After-Page Package (DPC)
\AP@output=\toks35
\AP@partial=\box63
\AP@footins=\box64
)) (C:\Users\nguye\AppData\Local\Programs\MiKTeX\tex/latex/amsfonts\amssymb.sty
Package: amssymb 2013/01/14 v3.01 AMS font symbols

(C:\Users\nguye\AppData\Local\Programs\MiKTeX\tex/latex/amsfonts\amsfonts.sty
Package: amsfonts 2013/01/14 v3.01 Basic AMSFonts support
\@emptytoks=\toks36
\symAMSa=\mathgroup4
\symAMSb=\mathgroup5
LaTeX Font Info:    Redeclaring math symbol \hbar on input line 98.
LaTeX Font Info:    Overwriting math alphabet `\mathfrak' in version `bold'
(Font)                  U/euf/m/n --> U/euf/b/n on input line 106.
)) (C:\Users\nguye\AppData\Local\Programs\MiKTeX\tex/latex/amsmath\amsmath.sty
Package: amsmath 2024/11/05 v2.17t AMS math features
\@mathmargin=\skip51

For additional information on amsmath, use the `?' option.
(C:\Users\nguye\AppData\Local\Programs\MiKTeX\tex/latex/amsmath\amstext.sty
Package: amstext 2021/08/26 v2.01 AMS text

(C:\Users\nguye\AppData\Local\Programs\MiKTeX\tex/latex/amsmath\amsgen.sty
File: amsgen.sty 1999/11/30 v2.0 generic functions
\@emptytoks=\toks37
\ex@=\dimen258
))
(C:\Users\nguye\AppData\Local\Programs\MiKTeX\tex/latex/amsmath\amsbsy.sty
Package: amsbsy 1999/11/29 v1.2d Bold Symbols
\pmbraise@=\dimen259
)
(C:\Users\nguye\AppData\Local\Programs\MiKTeX\tex/latex/amsmath\amsopn.sty
Package: amsopn 2022/04/08 v2.04 operator names
)
\inf@bad=\count296
LaTeX Info: Redefining \frac on input line 233.
\uproot@=\count297
\leftroot@=\count298
LaTeX Info: Redefining \overline on input line 398.
LaTeX Info: Redefining \colon on input line 409.
\classnum@=\count299
\DOTSCASE@=\count300
LaTeX Info: Redefining \ldots on input line 495.
LaTeX Info: Redefining \dots on input line 498.
LaTeX Info: Redefining \cdots on input line 619.
\Mathstrutbox@=\box65
\strutbox@=\box66
LaTeX Info: Redefining \big on input line 721.
LaTeX Info: Redefining \Big on input line 722.
LaTeX Info: Redefining \bigg on input line 723.
LaTeX Info: Redefining \Bigg on input line 724.
\big@size=\dimen260
LaTeX Font Info:    Redeclaring font encoding OML on input line 742.
LaTeX Font Info:    Redeclaring font encoding OMS on input line 743.
\macc@depth=\count301
LaTeX Info: Redefining \bmod on input line 904.
LaTeX Info: Redefining \pmod on input line 909.
LaTeX Info: Redefining \smash on input line 939.
LaTeX Info: Redefining \relbar on input line 969.
LaTeX Info: Redefining \Relbar on input line 970.
\c@MaxMatrixCols=\count302
\dotsspace@=\muskip17
\c@parentequation=\count303
\dspbrk@lvl=\count304
\tag@help=\toks38
\row@=\count305
\column@=\count306
\maxfields@=\count307
\andhelp@=\toks39
\eqnshift@=\dimen261
\alignsep@=\dimen262
\tagshift@=\dimen263
\tagwidth@=\dimen264
\totwidth@=\dimen265
\lineht@=\dimen266
\@envbody=\toks40
\multlinegap=\skip52
\multlinetaggap=\skip53
\mathdisplay@stack=\toks41
LaTeX Info: Redefining \[ on input line 2953.
LaTeX Info: Redefining \] on input line 2954.
)
(C:\Users\nguye\AppData\Local\Programs\MiKTeX\tex/latex/float\float.sty
Package: float 2001/11/08 v1.3d Float enhancements (AL)
\c@float@type=\count308
\float@exts=\toks42
\float@box=\box67
\@float@everytoks=\toks43
\@floatcapt=\box68
)
(C:\Users\nguye\AppData\Local\Programs\MiKTeX\tex/latex/fancyhdr\fancyhdr.sty
Package: fancyhdr 2025/01/01 v5.0 Extensive control of page headers and footers

\f@nch@headwidth=\skip54
\f@nch@offset@elh=\skip55
\f@nch@offset@erh=\skip56
\f@nch@offset@olh=\skip57
\f@nch@offset@orh=\skip58
\f@nch@offset@elf=\skip59
\f@nch@offset@erf=\skip60
\f@nch@offset@olf=\skip61
\f@nch@offset@orf=\skip62
\f@nch@height=\skip63
\f@nch@footalignment=\skip64
\f@nch@widthL=\skip65
\f@nch@widthC=\skip66
\f@nch@widthR=\skip67
\@temptokenb=\toks44
)
(C:\Users\nguye\AppData\Local\Programs\MiKTeX\tex/latex/tools\array.sty
Package: array 2024/10/17 v2.6g Tabular extension package (FMi)
\col@sep=\dimen267
\ar@mcellbox=\box69
\extrarowheight=\dimen268
\NC@list=\toks45
\extratabsurround=\skip68
\backup@length=\skip69
\ar@cellbox=\box70
)
(C:\Users\nguye\AppData\Local\Programs\MiKTeX\tex/latex/tools\tabularx.sty
Package: tabularx 2023/12/11 v2.12a `tabularx' package (DPC)
\TX@col@width=\dimen269
\TX@old@table=\dimen270
\TX@old@col=\dimen271
\TX@target=\dimen272
\TX@delta=\dimen273
\TX@cols=\count309
\TX@ftn=\toks46
)
(C:\Users\nguye\AppData\Local\Programs\MiKTeX\tex/latex/tools\multicol.sty
Package: multicol 2024/09/14 v1.9i multicolumn formatting (FMi)
\c@tracingmulticols=\count310
\mult@box=\box71
\multicol@leftmargin=\dimen274
\c@unbalance=\count311
\c@collectmore=\count312
\doublecol@number=\count313
\multicoltolerance=\count314
\multicolpretolerance=\count315
\full@width=\dimen275
\page@free=\dimen276
\premulticols=\dimen277
\postmulticols=\dimen278
\multicolsep=\skip70
\multicolbaselineskip=\skip71
\partial@page=\box72
\last@line=\box73
\mc@boxedresult=\box74
\maxbalancingoverflow=\dimen279
\mult@rightbox=\box75
\mult@grightbox=\box76
\mult@firstbox=\box77
\mult@gfirstbox=\box78
\@tempa=\box79
\@tempa=\box80
\@tempa=\box81
\@tempa=\box82
\@tempa=\box83
\@tempa=\box84
\@tempa=\box85
\@tempa=\box86
\@tempa=\box87
\@tempa=\box88
\@tempa=\box89
\@tempa=\box90
\@tempa=\box91
\@tempa=\box92
\@tempa=\box93
\@tempa=\box94
\@tempa=\box95
\@tempa=\box96
\@tempa=\box97
\@tempa=\box98
\@tempa=\box99
\@tempa=\box100
\@tempa=\box101
\@tempa=\box102
\@tempa=\box103
\@tempa=\box104
\@tempa=\box105
\@tempa=\box106
\@tempa=\box107
\@tempa=\box108
\@tempa=\box109
\@tempa=\box110
\@tempa=\box111
\@tempa=\box112
\@tempa=\box113
\@tempa=\box114
\c@minrows=\count316
\c@columnbadness=\count317
\c@finalcolumnbadness=\count318
\last@try=\dimen280
\multicolovershoot=\dimen281
\multicolundershoot=\dimen282
\mult@nat@firstbox=\box115
\colbreak@box=\box116
\mc@col@check@num=\count319
)
(C:\Users\nguye\AppData\Local\Programs\MiKTeX\tex/latex/multirow\multirow.sty
Package: multirow 2024/11/12 v2.9 Span multiple rows of a table
\multirow@colwidth=\skip72
\multirow@cntb=\count320
\multirow@dima=\skip73
\bigstrutjot=\dimen283
)
(C:\Users\nguye\AppData\Local\Programs\MiKTeX\tex/latex/hyperref\nameref.sty
Package: nameref 2023-11-26 v2.56 Cross-referencing by name of section

(C:\Users\nguye\AppData\Local\Programs\MiKTeX\tex/latex/refcount\refcount.sty
Package: refcount 2019/12/15 v3.6 Data extraction from label references (HO)

(C:\Users\nguye\AppData\Local\Programs\MiKTeX\tex/generic/ltxcmds\ltxcmds.sty
Package: ltxcmds 2023-12-04 v1.26 LaTeX kernel commands for general use (HO)
)
(C:\Users\nguye\AppData\Local\Programs\MiKTeX\tex/generic/infwarerr\infwarerr.s
ty
Package: infwarerr 2019/12/03 v1.5 Providing info/warning/error messages (HO)
))
(C:\Users\nguye\AppData\Local\Programs\MiKTeX\tex/generic/gettitlestring\gettit
lestring.sty
Package: gettitlestring 2019/12/15 v1.6 Cleanup title references (HO)

(C:\Users\nguye\AppData\Local\Programs\MiKTeX\tex/latex/kvoptions\kvoptions.sty
Package: kvoptions 2022-06-15 v3.15 Key value format for package options (HO)

(C:\Users\nguye\AppData\Local\Programs\MiKTeX\tex/latex/kvsetkeys\kvsetkeys.sty
Package: kvsetkeys 2022-10-05 v1.19 Key value parser (HO)
)))
\c@section@level=\count321
)
(C:\Users\nguye\AppData\Local\Programs\MiKTeX\tex/latex/hyperref\hyperref.sty
Package: hyperref 2024-11-05 v7.01l Hypertext links for LaTeX

(C:\Users\nguye\AppData\Local\Programs\MiKTeX\tex/generic/kvdefinekeys\kvdefine
keys.sty
Package: kvdefinekeys 2019-12-19 v1.6 Define keys (HO)
)
(C:\Users\nguye\AppData\Local\Programs\MiKTeX\tex/generic/pdfescape\pdfescape.s
ty
Package: pdfescape 2019/12/09 v1.15 Implements pdfTeX's escape features (HO)

(C:\Users\nguye\AppData\Local\Programs\MiKTeX\tex/generic/pdftexcmds\pdftexcmds
.sty
Package: pdftexcmds 2020-06-27 v0.33 Utility functions of pdfTeX for LuaTeX (HO
)
Package pdftexcmds Info: \pdf@primitive is available.
Package pdftexcmds Info: \pdf@ifprimitive is available.
Package pdftexcmds Info: \pdfdraftmode found.
))
(C:\Users\nguye\AppData\Local\Programs\MiKTeX\tex/latex/hycolor\hycolor.sty
Package: hycolor 2020-01-27 v1.10 Color options for hyperref/bookmark (HO)
)
(C:\Users\nguye\AppData\Local\Programs\MiKTeX\tex/latex/etoolbox\etoolbox.sty
Package: etoolbox 2020/10/05 v2.5k e-TeX tools for LaTeX (JAW)
\etb@tempcnta=\count322
)
(C:\Users\nguye\AppData\Local\Programs\MiKTeX\tex/generic/stringenc\stringenc.s
ty
Package: stringenc 2019/11/29 v1.12 Convert strings between diff. encodings (HO
)
)
\@linkdim=\dimen284
\Hy@linkcounter=\count323
\Hy@pagecounter=\count324
 (C:\Users\nguye\AppData\Local\Programs\MiKTeX\tex/latex/hyperref\pd1enc.def
File: pd1enc.def 2024-11-05 v7.01l Hyperref: PDFDocEncoding definition (HO)
Now handling font encoding PD1 ...
... no UTF-8 mapping file for font encoding PD1
) (C:\Users\nguye\AppData\Local\Programs\MiKTeX\tex/generic/intcalc\intcalc.sty
Package: intcalc 2019/12/15 v1.3 Expandable calculations with integers (HO)
)
\Hy@SavedSpaceFactor=\count325
 (C:\Users\nguye\AppData\Local\Programs\MiKTeX\tex/latex/hyperref\puenc.def
File: puenc.def 2024-11-05 v7.01l Hyperref: PDF Unicode definition (HO)
Now handling font encoding PU ...
... no UTF-8 mapping file for font encoding PU
)
Package hyperref Info: Hyper figures OFF on input line 4157.
Package hyperref Info: Link nesting OFF on input line 4162.
Package hyperref Info: Hyper index ON on input line 4165.
Package hyperref Info: Plain pages OFF on input line 4172.
Package hyperref Info: Backreferencing OFF on input line 4177.
Package hyperref Info: Implicit mode ON; LaTeX internals redefined.
Package hyperref Info: Bookmarks ON on input line 4424.
\c@Hy@tempcnt=\count326

(C:\Users\nguye\AppData\Local\Programs\MiKTeX\tex/latex/url\url.sty
\Urlmuskip=\muskip18
Package: url 2013/09/16  ver 3.4  Verb mode for urls, etc.
)
LaTeX Info: Redefining \url on input line 4763.
\XeTeXLinkMargin=\dimen285

(C:\Users\nguye\AppData\Local\Programs\MiKTeX\tex/generic/bitset\bitset.sty
Package: bitset 2019/12/09 v1.3 Handle bit-vector datatype (HO)

(C:\Users\nguye\AppData\Local\Programs\MiKTeX\tex/generic/bigintcalc\bigintcalc
.sty
Package: bigintcalc 2019/12/15 v1.5 Expandable calculations on big integers (HO
)
))
\Fld@menulength=\count327
\Field@Width=\dimen286
\Fld@charsize=\dimen287
Package hyperref Info: Hyper figures OFF on input line 6042.
Package hyperref Info: Link nesting OFF on input line 6047.
Package hyperref Info: Hyper index ON on input line 6050.
Package hyperref Info: backreferencing OFF on input line 6057.
Package hyperref Info: Link coloring OFF on input line 6062.
Package hyperref Info: Link coloring with OCG OFF on input line 6067.
Package hyperref Info: PDF/A mode OFF on input line 6072.

(C:\Users\nguye\AppData\Local\Programs\MiKTeX\tex/latex/base\atbegshi-ltx.sty
Package: atbegshi-ltx 2021/01/10 v1.0c Emulation of the original atbegshi
package with kernel methods
)
\Hy@abspage=\count328
\c@Item=\count329
\c@Hfootnote=\count330
)
Package hyperref Info: Driver (autodetected): hpdftex.
(C:\Users\nguye\AppData\Local\Programs\MiKTeX\tex/latex/hyperref\hpdftex.def
File: hpdftex.def 2024-11-05 v7.01l Hyperref driver for pdfTeX

(C:\Users\nguye\AppData\Local\Programs\MiKTeX\tex/latex/base\atveryend-ltx.sty
Package: atveryend-ltx 2020/08/19 v1.0a Emulation of the original atveryend pac
kage
with kernel methods
)
\Fld@listcount=\count331
\c@bookmark@seq@number=\count332

(C:\Users\nguye\AppData\Local\Programs\MiKTeX\tex/latex/rerunfilecheck\rerunfil
echeck.sty
Package: rerunfilecheck 2022-07-10 v1.10 Rerun checks for auxiliary files (HO)

(C:\Users\nguye\AppData\Local\Programs\MiKTeX\tex/generic/uniquecounter\uniquec
ounter.sty
Package: uniquecounter 2019/12/15 v1.4 Provide unlimited unique counter (HO)
)
Package uniquecounter Info: New unique counter `rerunfilecheck' on input line 2
85.
)
\Hy@SectionHShift=\skip74
)
(C:\Users\nguye\AppData\Local\Programs\MiKTeX\tex/latex/tools\enumerate.sty
Package: enumerate 2023/07/04 v3.00 enumerate extensions (DPC)
\@enLab=\toks47
)
(C:\Users\nguye\AppData\Local\Programs\MiKTeX\tex/latex/enumitem\enumitem.sty
Package: enumitem 2019/06/20 v3.9 Customized lists
\labelindent=\skip75
\enit@outerparindent=\dimen288
\enit@toks=\toks48
\enit@inbox=\box117
\enit@count@id=\count333
\enitdp@description=\count334
)
(C:\Users\nguye\AppData\Local\Programs\MiKTeX\tex/latex/tools\indentfirst.sty
Package: indentfirst 2023/07/02 v1.03 Indent first paragraph (DPC)
)
(C:\Users\nguye\AppData\Local\Programs\MiKTeX\tex/latex/sectsty\sectsty.sty
Package: sectsty 2002/02/25 v2.0.2 Commands to change all sectional heading sty
les


LaTeX Warning: Command \underbar  has changed.
               Check if current package is valid.


LaTeX Warning: Command \underline  has changed.
               Check if current package is valid.

) (C:\Users\nguye\AppData\Local\Programs\MiKTeX\tex/latex/setspace\setspace.sty
Package: setspace 2022/12/04 v6.7b set line spacing
) (C:\Users\nguye\AppData\Local\Programs\MiKTeX\tex/latex/listings\listings.sty
\lst@mode=\count335
\lst@gtempboxa=\box118
\lst@token=\toks49
\lst@length=\count336
\lst@currlwidth=\dimen289
\lst@column=\count337
\lst@pos=\count338
\lst@lostspace=\dimen290
\lst@width=\dimen291
\lst@newlines=\count339
\lst@lineno=\count340
\lst@maxwidth=\dimen292
(C:\Users\nguye\AppData\Local\Programs\MiKTeX\tex/latex/listings\lstpatch.sty
File: lstpatch.sty 2024/09/23 1.10c (Carsten Heinz)
)
(C:\Users\nguye\AppData\Local\Programs\MiKTeX\tex/latex/listings\lstmisc.sty
File: lstmisc.sty 2024/09/23 1.10c (Carsten Heinz)
\c@lstnumber=\count341
\lst@skipnumbers=\count342
\lst@framebox=\box119
)
(C:\Users\nguye\AppData\Local\Programs\MiKTeX\tex/latex/listings\listings.cfg
File: listings.cfg 2024/09/23 1.10c listings configuration
))
Package: listings 2024/09/23 1.10c (Carsten Heinz)
(C:\Users\nguye\AppData\Local\Programs\MiKTeX\tex/latex/listings\lstlang1.sty
File: lstlang1.sty 2024/09/23 1.10c listings language file
)
(C:\Users\nguye\AppData\Local\Programs\MiKTeX\tex/latex/listings\lstmisc.sty
File: lstmisc.sty 2024/09/23 1.10c (Carsten Heinz)
)
(C:\Users\nguye\AppData\Local\Programs\MiKTeX\tex/latex/l3backend\l3backend-pdf
tex.def
File: l3backend-pdftex.def 2024-05-08 L3 backend support: PDF output (pdfTeX)
\l__color_backend_stack_int=\count343
\l__pdf_internal_box=\box120
) (oscilloscope.aux (section/intruduction_OSC.aux)
(section/design_strategy.aux) (section/working_principle.aux)
(section/thucthimach.aux))
\openout1 = `oscilloscope.aux'.

LaTeX Font Info:    Checking defaults for OML/cmm/m/it on input line 66.
LaTeX Font Info:    ... okay on input line 66.
LaTeX Font Info:    Checking defaults for OMS/cmsy/m/n on input line 66.
LaTeX Font Info:    ... okay on input line 66.
LaTeX Font Info:    Checking defaults for OT1/cmr/m/n on input line 66.
LaTeX Font Info:    ... okay on input line 66.
LaTeX Font Info:    Checking defaults for T1/cmr/m/n on input line 66.
LaTeX Font Info:    ... okay on input line 66.
LaTeX Font Info:    Checking defaults for TS1/cmr/m/n on input line 66.
LaTeX Font Info:    ... okay on input line 66.
LaTeX Font Info:    Checking defaults for OMX/cmex/m/n on input line 66.
LaTeX Font Info:    ... okay on input line 66.
LaTeX Font Info:    Checking defaults for U/cmr/m/n on input line 66.
LaTeX Font Info:    ... okay on input line 66.
LaTeX Font Info:    Checking defaults for T5/cmr/m/n on input line 66.
LaTeX Font Info:    ... okay on input line 66.
LaTeX Font Info:    Checking defaults for PD1/pdf/m/n on input line 66.
LaTeX Font Info:    ... okay on input line 66.
LaTeX Font Info:    Checking defaults for PU/pdf/m/n on input line 66.
LaTeX Font Info:    ... okay on input line 66.

*geometry* driver: auto-detecting
*geometry* detected driver: pdftex
*geometry* verbose mode - [ preamble ] result:
* driver: pdftex
* paper: a4paper
* layout: <same size as paper>
* layoutoffset:(h,v)=(0.0pt,0.0pt)
* modes: 
* h-part:(L,W,R)=(42.67912pt, 512.14963pt, 42.67912pt)
* v-part:(T,H,B)=(42.67912pt, 759.6886pt, 42.67912pt)
* \paperwidth=597.50787pt
* \paperheight=845.04684pt
* \textwidth=512.14963pt
* \textheight=759.6886pt
* \oddsidemargin=-29.59087pt
* \evensidemargin=-29.59087pt
* \topmargin=-66.59087pt
* \headheight=12.0pt
* \headsep=25.0pt
* \topskip=12.0pt
* \footskip=30.0pt
* \marginparwidth=35.0pt
* \marginparsep=10.0pt
* \columnsep=10.0pt
* \skip\footins=10.8pt plus 4.0pt minus 2.0pt
* \hoffset=0.0pt
* \voffset=0.0pt
* \mag=1000
* \@twocolumnfalse
* \@twosidefalse
* \@mparswitchfalse
* \@reversemarginfalse
* (1in=72.27pt=25.4mm, 1cm=28.453pt)


(C:\Users\nguye\AppData\Local\Programs\MiKTeX\tex/context/base/mkii\supp-pdf.mk
ii
[Loading MPS to PDF converter (version 2006.09.02).]
\scratchcounter=\count344
\scratchdimen=\dimen293
\scratchbox=\box121
\nofMPsegments=\count345
\nofMParguments=\count346
\everyMPshowfont=\toks50
\MPscratchCnt=\count347
\MPscratchDim=\dimen294
\MPnumerator=\count348
\makeMPintoPDFobject=\count349
\everyMPtoPDFconversion=\toks51
)
(C:\Users\nguye\AppData\Local\Programs\MiKTeX\tex/latex/epstopdf-pkg\epstopdf-b
ase.sty
Package: epstopdf-base 2020-01-24 v2.11 Base part for package epstopdf
Package epstopdf-base Info: Redefining graphics rule for `.eps' on input line 4
85.

(C:\Users\nguye\AppData\Local\Programs\MiKTeX\tex/latex/00miktex\epstopdf-sys.c
fg
File: epstopdf-sys.cfg 2021/03/18 v2.0 Configuration of epstopdf for MiKTeX
))
Package hyperref Info: Link coloring OFF on input line 66.
 (oscilloscope.out) (oscilloscope.out)
\@outlinefile=\write4
\openout4 = `oscilloscope.out'.

\c@lstlisting=\count350
<picture/bk.png, id=166, 845.0772pt x 597.6729pt>
File: picture/bk.png Graphic file (type png)
<use picture/bk.png>
Package pdftex.def Info: picture/bk.png  used on input line 74.
(pdftex.def)             Requested size: 256.07481pt x 181.10895pt.
LaTeX Font Info:    Trying to load font information for U+msa on input line 89.


(C:\Users\nguye\AppData\Local\Programs\MiKTeX\tex/latex/amsfonts\umsa.fd
File: umsa.fd 2013/01/14 v3.01 AMS symbols A
)
LaTeX Font Info:    Trying to load font information for U+msb on input line 89.


(C:\Users\nguye\AppData\Local\Programs\MiKTeX\tex/latex/amsfonts\umsb.fd
File: umsb.fd 2013/01/14 v3.01 AMS symbols B
)

<picture/bia.jpg, id=168, 301.125pt x 414.95026pt>
File: picture/bia.jpg Graphic file (type jpg)
<use picture/bia.jpg>
Package pdftex.def Info: picture/bia.jpg  used on input line 107.
(pdftex.def)             Requested size: 597.62614pt x 845.06903pt.
[-1

{C:/Users/nguye/AppData/Local/MiKTeX/fonts/map/pdftex/pdftex.map} <./picture/bi
a.jpg> <./picture/bk.png>] (oscilloscope.toc
LaTeX Font Info:    Calculating math sizes for size <13> on input line 2.


LaTeX Font Warning: Font shape `OT1/cmr/m/n' in size <13> not available
(Font)              size <12> substituted on input line 2.


LaTeX Font Warning: Font shape `OT1/cmr/m/n' in size <6.5> not available
(Font)              size <6> substituted on input line 2.


LaTeX Font Warning: Font shape `OML/cmm/m/it' in size <13> not available
(Font)              size <12> substituted on input line 2.


LaTeX Font Warning: Font shape `OML/cmm/m/it' in size <6.5> not available
(Font)              size <6> substituted on input line 2.


LaTeX Font Warning: Font shape `OMS/cmsy/m/n' in size <13> not available
(Font)              size <12> substituted on input line 2.


LaTeX Font Warning: Font shape `OMS/cmsy/m/n' in size <6.5> not available
(Font)              size <6> substituted on input line 2.



[0

])
\tf@toc=\write5
\openout5 = `oscilloscope.toc'.




Package fancyhdr Warning: \headheight is too small (12.0pt): 
(fancyhdr)                Make it at least 14.93912pt, for example:
(fancyhdr)                \setlength{\headheight}{14.93912pt}.
(fancyhdr)                You might also make \topmargin smaller:
(fancyhdr)                \addtolength{\topmargin}{-2.93912pt}.

[1] (oscilloscope.lot)
\tf@lot=\write6
\openout6 = `oscilloscope.lot'.



[2

] (oscilloscope.lof

[3

])
\tf@lof=\write7
\openout7 = `oscilloscope.lof'.




Package fancyhdr Warning: \headheight is too small (12.0pt): 
(fancyhdr)                Make it at least 17.97171pt, for example:
(fancyhdr)                \setlength{\headheight}{17.97171pt}.
(fancyhdr)                You might also make \topmargin smaller:
(fancyhdr)                \addtolength{\topmargin}{-5.97171pt}.

[4]
\openout2 = `section/intruduction_OSC.aux'.

 (section/intruduction_OSC.tex
Ch\uhorn \ohorn ng 1.


[5


]


Package fancyhdr Warning: \headheight is too small (12.0pt): 
(fancyhdr)                Make it at least 17.97171pt, for example:
(fancyhdr)                \setlength{\headheight}{17.97171pt}.
(fancyhdr)                You might also make \topmargin smaller:
(fancyhdr)                \addtolength{\topmargin}{-5.97171pt}.

[6]

LaTeX Font Warning: Font shape `TS1/cmr/m/n' in size <13> not available
(Font)              size <12> substituted on input line 61.




Package fancyhdr Warning: \headheight is too small (12.0pt): 
(fancyhdr)                Make it at least 17.97171pt, for example:
(fancyhdr)                \setlength{\headheight}{17.97171pt}.
(fancyhdr)                You might also make \topmargin smaller:
(fancyhdr)                \addtolength{\topmargin}{-5.97171pt}.

[7]


Package fancyhdr Warning: \headheight is too small (12.0pt): 
(fancyhdr)                Make it at least 17.97171pt, for example:
(fancyhdr)                \setlength{\headheight}{17.97171pt}.
(fancyhdr)                You might also make \topmargin smaller:
(fancyhdr)                \addtolength{\topmargin}{-5.97171pt}.

[8]
<picture/system_block.png, id=362, 1125.20375pt x 895.345pt>
File: picture/system_block.png Graphic file (type png)
<use picture/system_block.png>
Package pdftex.def Info: picture/system_block.png  used on input line 187.
(pdftex.def)             Requested size: 512.14963pt x 407.51923pt.



Package fancyhdr Warning: \headheight is too small (12.0pt): 
(fancyhdr)                Make it at least 17.97171pt, for example:
(fancyhdr)                \setlength{\headheight}{17.97171pt}.
(fancyhdr)                You might also make \topmargin smaller:
(fancyhdr)                \addtolength{\topmargin}{-5.97171pt}.

[9 <./picture/system_block.png>]
<picture/power supply.png, id=372, 593.21625pt x 353.32pt>
File: picture/power supply.png Graphic file (type png)
<use picture/power supply.png>
Package pdftex.def Info: picture/power supply.png  used on input line 205.
(pdftex.def)             Requested size: 512.14963pt x 305.04613pt.



Package fancyhdr Warning: \headheight is too small (12.0pt): 
(fancyhdr)                Make it at least 17.97171pt, for example:
(fancyhdr)                \setlength{\headheight}{17.97171pt}.
(fancyhdr)                You might also make \topmargin smaller:
(fancyhdr)                \addtolength{\topmargin}{-5.97171pt}.

[10 <./picture/power supply.png>]
<original-schematic-STM32F103C8T6-Blue_Pill.pdf, id=379, 822.07124pt x 578.16pt
>
File: original-schematic-STM32F103C8T6-Blue_Pill.pdf Graphic file (type pdf)
<use original-schematic-STM32F103C8T6-Blue_Pill.pdf>
Package pdftex.def Info: original-schematic-STM32F103C8T6-Blue_Pill.pdf  used o
n input line 239.
(pdftex.def)             Requested size: 512.14963pt x 360.19342pt.

Underfull \hbox (badness 10000) in paragraph at lines 237--242

 []

<picture/The-Generic-STM32F103-Pinout-Diagram.pdf, id=380, 845.1575pt x 597.231
25pt>
File: picture/The-Generic-STM32F103-Pinout-Diagram.pdf Graphic file (type pdf)
<use picture/The-Generic-STM32F103-Pinout-Diagram.pdf>
Package pdftex.def Info: picture/The-Generic-STM32F103-Pinout-Diagram.pdf  used
 on input line 245.
(pdftex.def)             Requested size: 512.14963pt x 361.92291pt.

Underfull \hbox (badness 10000) in paragraph at lines 243--248

 []




Package fancyhdr Warning: \headheight is too small (12.0pt): 
(fancyhdr)                Make it at least 17.97171pt, for example:
(fancyhdr)                \setlength{\headheight}{17.97171pt}.
(fancyhdr)                You might also make \topmargin smaller:
(fancyhdr)                \addtolength{\topmargin}{-5.97171pt}.

[11 <./original-schematic-STM32F103C8T6-Blue_Pill.pdf>]
<picture/software_flowchart.png, id=410, 1004.75375pt x 793.96625pt>
File: picture/software_flowchart.png Graphic file (type png)
<use picture/software_flowchart.png>
Package pdftex.def Info: picture/software_flowchart.png  used on input line 295
.
(pdftex.def)             Requested size: 512.14963pt x 404.69936pt.

Underfull \hbox (badness 10000) in paragraph at lines 293--298

 []




Package fancyhdr Warning: \headheight is too small (12.0pt): 
(fancyhdr)                Make it at least 17.97171pt, for example:
(fancyhdr)                \setlength{\headheight}{17.97171pt}.
(fancyhdr)                You might also make \topmargin smaller:
(fancyhdr)                \addtolength{\topmargin}{-5.97171pt}.

[12 <./picture/The-Generic-STM32F103-Pinout-Diagram.pdf>])


Package fancyhdr Warning: \headheight is too small (12.0pt): 
(fancyhdr)                Make it at least 17.97171pt, for example:
(fancyhdr)                \setlength{\headheight}{17.97171pt}.
(fancyhdr)                You might also make \topmargin smaller:
(fancyhdr)                \addtolength{\topmargin}{-5.97171pt}.

[13 <./picture/software_flowchart.png>]
\openout2 = `section/design_strategy.aux'.

 (section/design_strategy.tex
Ch\uhorn \ohorn ng 2.


[14




]

pdfTeX warning: pdflatex.exe (file ./picture/over_hardware.pdf): PDF inclusion:
 found PDF version <1.7>, but at most version <1.5> allowed
<./picture/over_hardware.pdf, id=569, 845.0531pt x 597.52838pt>
File: ./picture/over_hardware.pdf Graphic file (type pdf)
<use ./picture/over_hardware.pdf>
Package pdftex.def Info: ./picture/over_hardware.pdf  used on input line 7.
(pdftex.def)             Requested size: 512.14963pt x 362.14857pt.


pdfTeX warning: pdflatex.exe (file ./picture/power_supply.pdf): PDF inclusion: 
found PDF version <1.7>, but at most version <1.5> allowed
<./picture/power_supply.pdf, id=570, 655.1423pt x 135.5737pt>
File: ./picture/power_supply.pdf Graphic file (type pdf)
<use ./picture/power_supply.pdf>
Package pdftex.def Info: ./picture/power_supply.pdf  used on input line 19.
(pdftex.def)             Requested size: 512.14963pt x 105.98495pt.



Package fancyhdr Warning: \headheight is too small (12.0pt): 
(fancyhdr)                Make it at least 17.97171pt, for example:
(fancyhdr)                \setlength{\headheight}{17.97171pt}.
(fancyhdr)                You might also make \topmargin smaller:
(fancyhdr)                \addtolength{\topmargin}{-5.97171pt}.

[15 <./picture/over_hardware.pdf> <./picture/power_supply.pdf>]
<./picture/transformer_12V.png, id=586, 365.86688pt x 369.63094pt>
File: ./picture/transformer_12V.png Graphic file (type png)
<use ./picture/transformer_12V.png>
Package pdftex.def Info: ./picture/transformer_12V.png  used on input line 30.
(pdftex.def)             Requested size: 144.83394pt x 146.32127pt.

Overfull \hbox (2.828pt too wide) in paragraph at lines 29--42
[]$[]$ $[]$ 
 []

<./picture/bright_diode.png, id=587, 903.375pt x 903.375pt>
File: ./picture/bright_diode.png Graphic file (type png)
<use ./picture/bright_diode.png>
Package pdftex.def Info: ./picture/bright_diode.png  used on input line 45.
(pdftex.def)             Requested size: 144.83394pt x 144.83243pt.

Overfull \hbox (2.828pt too wide) in paragraph at lines 44--58
[]$[]$ $[]$ 
 []

<./picture/lm7912.png, id=588, 722.7pt x 614.295pt>
File: ./picture/lm7912.png Graphic file (type png)
<use ./picture/lm7912.png>
Package pdftex.def Info: ./picture/lm7912.png  used on input line 61.
(pdftex.def)             Requested size: 144.83394pt x 123.1099pt.

Overfull \hbox (2.828pt too wide) in paragraph at lines 60--71
[]$[]$ $[]$ 
 []

<./picture/lm7812.png, id=589, 722.7pt x 614.295pt>
File: ./picture/lm7812.png Graphic file (type png)
<use ./picture/lm7812.png>
Package pdftex.def Info: ./picture/lm7812.png  used on input line 74.
(pdftex.def)             Requested size: 144.83394pt x 123.1099pt.

Overfull \hbox (2.828pt too wide) in paragraph at lines 73--84
[]$[]$ $[]$ 
 []



pdfTeX warning: pdflatex.exe (file ./picture/power_supply_5V.pdf): PDF inclusio
n: found PDF version <1.7>, but at most version <1.5> allowed
<./picture/power_supply_5V.pdf, id=590, 185.279pt x 110.76501pt>
File: ./picture/power_supply_5V.pdf Graphic file (type pdf)
<use ./picture/power_supply_5V.pdf>
Package pdftex.def Info: ./picture/power_supply_5V.pdf  used on input line 90.
(pdftex.def)             Requested size: 358.50317pt x 214.35481pt.



Package fancyhdr Warning: \headheight is too small (12.0pt): 
(fancyhdr)                Make it at least 17.97171pt, for example:
(fancyhdr)                \setlength{\headheight}{17.97171pt}.
(fancyhdr)                You might also make \topmargin smaller:
(fancyhdr)                \addtolength{\topmargin}{-5.97171pt}.

[16 <./picture/transformer_12V.png> <./picture/bright_diode.png> <./picture/lm7
912.png> <./picture/lm7812.png>]
<./picture/lm7805.png, id=599, 365.86688pt x 260.47313pt>
File: ./picture/lm7805.png Graphic file (type png)
<use ./picture/lm7805.png>
Package pdftex.def Info: ./picture/lm7805.png  used on input line 99.
(pdftex.def)             Requested size: 144.83394pt x 103.1103pt.

Overfull \hbox (2.828pt too wide) in paragraph at lines 98--109
[]$[]$ $[]$ 
 []



pdfTeX warning: pdflatex.exe (file ./picture/power_supply_3V.pdf): PDF inclusio
n: found PDF version <1.7>, but at most version <1.5> allowed
<./picture/power_supply_3V.pdf, id=600, 193.56386pt x 112.27205pt>
File: ./picture/power_supply_3V.pdf Graphic file (type pdf)
<use ./picture/power_supply_3V.pdf>
Package pdftex.def Info: ./picture/power_supply_3V.pdf  used on input line 115.

(pdftex.def)             Requested size: 358.50317pt x 207.94156pt.
<./picture/lm1117T.png, id=601, 606.76688pt x 402.00188pt>
File: ./picture/lm1117T.png Graphic file (type png)
<use ./picture/lm1117T.png>
Package pdftex.def Info: ./picture/lm1117T.png  used on input line 124.
(pdftex.def)             Requested size: 144.83394pt x 95.95488pt.

Overfull \hbox (2.828pt too wide) in paragraph at lines 123--134
[]$[]$ $[]$ 
 []




Package fancyhdr Warning: \headheight is too small (12.0pt): 
(fancyhdr)                Make it at least 17.97171pt, for example:
(fancyhdr)                \setlength{\headheight}{17.97171pt}.
(fancyhdr)                You might also make \topmargin smaller:
(fancyhdr)                \addtolength{\topmargin}{-5.97171pt}.

[17 <./picture/power_supply_5V.pdf> <./picture/lm7805.png> <./picture/power_sup
ply_3V.pdf>]

pdfTeX warning: pdflatex.exe (file ./picture/main_vxl.pdf): PDF inclusion: foun
d PDF version <1.7>, but at most version <1.5> allowed
<./picture/main_vxl.pdf, id=620, 191.30441pt x 232.83257pt>
File: ./picture/main_vxl.pdf Graphic file (type pdf)
<use ./picture/main_vxl.pdf>
Package pdftex.def Info: ./picture/main_vxl.pdf  used on input line 141.
(pdftex.def)             Requested size: 358.50317pt x 436.37524pt.


pdfTeX warning: pdflatex.exe (file ./picture/board_analog.pdf): PDF inclusion: 
found PDF version <1.7>, but at most version <1.5> allowed
<./picture/board_analog.pdf, id=621, 845.0531pt x 597.52838pt>
File: ./picture/board_analog.pdf Graphic file (type pdf)
<use ./picture/board_analog.pdf>
Package pdftex.def Info: ./picture/board_analog.pdf  used on input line 149.
(pdftex.def)             Requested size: 512.14963pt x 362.14857pt.



Package fancyhdr Warning: \headheight is too small (12.0pt): 
(fancyhdr)                Make it at least 17.97171pt, for example:
(fancyhdr)                \setlength{\headheight}{17.97171pt}.
(fancyhdr)                You might also make \topmargin smaller:
(fancyhdr)                \addtolength{\topmargin}{-5.97171pt}.

[18 <./picture/lm1117T.png> <./picture/main_vxl.pdf>]


Package fancyhdr Warning: \headheight is too small (12.0pt): 
(fancyhdr)                Make it at least 17.97171pt, for example:
(fancyhdr)                \setlength{\headheight}{17.97171pt}.
(fancyhdr)                You might also make \topmargin smaller:
(fancyhdr)                \addtolength{\topmargin}{-5.97171pt}.

[19 <./picture/board_analog.pdf>]


Package fancyhdr Warning: \headheight is too small (12.0pt): 
(fancyhdr)                Make it at least 17.97171pt, for example:
(fancyhdr)                \setlength{\headheight}{17.97171pt}.
(fancyhdr)                You might also make \topmargin smaller:
(fancyhdr)                \addtolength{\topmargin}{-5.97171pt}.

[20]

pdfTeX warning: pdflatex.exe (file ./picture/protect_ADC.pdf): PDF inclusion: f
ound PDF version <1.7>, but at most version <1.5> allowed
<./picture/protect_ADC.pdf, id=648, 107.27849pt x 154.37093pt>
File: ./picture/protect_ADC.pdf Graphic file (type pdf)
<use ./picture/protect_ADC.pdf>
Package pdftex.def Info: ./picture/protect_ADC.pdf  used on input line 266.
(pdftex.def)             Requested size: 256.07481pt x 368.5804pt.



Package fancyhdr Warning: \headheight is too small (12.0pt): 
(fancyhdr)                Make it at least 17.97171pt, for example:
(fancyhdr)                \setlength{\headheight}{17.97171pt}.
(fancyhdr)                You might also make \topmargin smaller:
(fancyhdr)                \addtolength{\topmargin}{-5.97171pt}.

[21]

pdfTeX warning: pdflatex.exe (file ./picture/pro_compere.pdf): PDF inclusion: f
ound PDF version <1.7>, but at most version <1.5> allowed
<./picture/pro_compere.pdf, id=654, 261.34889pt x 313.83539pt>
File: ./picture/pro_compere.pdf Graphic file (type pdf)
<use ./picture/pro_compere.pdf>
Package pdftex.def Info: ./picture/pro_compere.pdf  used on input line 277.
(pdftex.def)             Requested size: 358.50317pt x 430.50737pt.



Package fancyhdr Warning: \headheight is too small (12.0pt): 
(fancyhdr)                Make it at least 17.97171pt, for example:
(fancyhdr)                \setlength{\headheight}{17.97171pt}.
(fancyhdr)                You might also make \topmargin smaller:
(fancyhdr)                \addtolength{\topmargin}{-5.97171pt}.

[22 <./picture/protect_ADC.pdf>]
<./picture/lcd.png, id=664, 1003.75pt x 1003.75pt>
File: ./picture/lcd.png Graphic file (type png)
<use ./picture/lcd.png>
Package pdftex.def Info: ./picture/lcd.png  used on input line 291.
(pdftex.def)             Requested size: 144.83394pt x 144.82782pt.

Overfull \hbox (2.828pt too wide) in paragraph at lines 290--302
[]$[]$ $[]$ 
 []

<./picture/relay_2kenh.png, id=665, 280.79906pt x 207.77625pt>
File: ./picture/relay_2kenh.png Graphic file (type png)
<use ./picture/relay_2kenh.png>
Package pdftex.def Info: ./picture/relay_2kenh.png  used on input line 305.
(pdftex.def)             Requested size: 144.83394pt x 107.16922pt.

Overfull \hbox (2.828pt too wide) in paragraph at lines 304--317
[]$[]$ $[]$ 
 []




Package fancyhdr Warning: \headheight is too small (12.0pt): 
(fancyhdr)                Make it at least 17.97171pt, for example:
(fancyhdr)                \setlength{\headheight}{17.97171pt}.
(fancyhdr)                You might also make \topmargin smaller:
(fancyhdr)                \addtolength{\topmargin}{-5.97171pt}.

[23 <./picture/pro_compere.pdf> <./picture/lcd.png>]
<./diagram/fsm.drawio.png, id=676, 516.93124pt x 621.32124pt>
File: ./diagram/fsm.drawio.png Graphic file (type png)
<use ./diagram/fsm.drawio.png>
Package pdftex.def Info: ./diagram/fsm.drawio.png  used on input line 325.
(pdftex.def)             Requested size: 358.50317pt x 430.91162pt.
LaTeX Font Info:    Trying to load font information for T5+cmtt on input line 3
33.

(C:\Users\nguye\AppData\Local\Programs\MiKTeX\tex/latex/vntex\t5cmtt.fd
File: t5cmtt.fd 1999/05/25 v2.5h Standard LaTeX font definitions
)


Package fancyhdr Warning: \headheight is too small (12.0pt): 
(fancyhdr)                Make it at least 17.97171pt, for example:
(fancyhdr)                \setlength{\headheight}{17.97171pt}.
(fancyhdr)                You might also make \topmargin smaller:
(fancyhdr)                \addtolength{\topmargin}{-5.97171pt}.

[24 <./picture/relay_2kenh.png> <./diagram/fsm.drawio.png>]
<./diagram/main.png, id=683, 1202.4925pt x 1205.50375pt>
File: ./diagram/main.png Graphic file (type png)
<use ./diagram/main.png>
Package pdftex.def Info: ./diagram/main.png  used on input line 341.
(pdftex.def)             Requested size: 512.14963pt x 513.44519pt.



Package fancyhdr Warning: \headheight is too small (12.0pt): 
(fancyhdr)                Make it at least 17.97171pt, for example:
(fancyhdr)                \setlength{\headheight}{17.97171pt}.
(fancyhdr)                You might also make \topmargin smaller:
(fancyhdr)                \addtolength{\topmargin}{-5.97171pt}.

[25 <./diagram/main.png>]
Overfull \hbox (40.08096pt too wide) in paragraph at lines 368--369
[]\T5/cmtt/m/n/13 handleStart()\T5/cmr/m/n/13 /\T5/cmtt/m/n/13 handleStop()\T5/
cmr/m/n/13 : l hm x l chnh trong khi vo trng thi START/STOP
 []

<./diagram/handleButtonSetup.png, id=690, 204.01219pt x 407.27156pt>
File: ./diagram/handleButtonSetup.png Graphic file (type png)
<use ./diagram/handleButtonSetup.png>
Package pdftex.def Info: ./diagram/handleButtonSetup.png  used on input line 37
6.
(pdftex.def)             Requested size: 256.07481pt x 511.23218pt.



Package fancyhdr Warning: \headheight is too small (12.0pt): 
(fancyhdr)                Make it at least 17.97171pt, for example:
(fancyhdr)                \setlength{\headheight}{17.97171pt}.
(fancyhdr)                You might also make \topmargin smaller:
(fancyhdr)                \addtolength{\topmargin}{-5.97171pt}.

[26]
<./diagram/handleButtonMode.png, id=695, 657.95813pt x 814.54312pt>
File: ./diagram/handleButtonMode.png Graphic file (type png)
<use ./diagram/handleButtonMode.png>
Package pdftex.def Info: ./diagram/handleButtonMode.png  used on input line 385
.
(pdftex.def)             Requested size: 512.14963pt x 634.04846pt.



Package fancyhdr Warning: \headheight is too small (12.0pt): 
(fancyhdr)                Make it at least 17.97171pt, for example:
(fancyhdr)                \setlength{\headheight}{17.97171pt}.
(fancyhdr)                You might also make \topmargin smaller:
(fancyhdr)                \addtolength{\topmargin}{-5.97171pt}.

[27 <./diagram/handleButtonSetup.png>]


Package fancyhdr Warning: \headheight is too small (12.0pt): 
(fancyhdr)                Make it at least 17.97171pt, for example:
(fancyhdr)                \setlength{\headheight}{17.97171pt}.
(fancyhdr)                You might also make \topmargin smaller:
(fancyhdr)                \addtolength{\topmargin}{-5.97171pt}.

[28 <./diagram/handleButtonMode.png>]
<./diagram/handleButtonStart.png, id=706, 675.27281pt x 764.10469pt>
File: ./diagram/handleButtonStart.png Graphic file (type png)
<use ./diagram/handleButtonStart.png>
Package pdftex.def Info: ./diagram/handleButtonStart.png  used on input line 40
0.
(pdftex.def)             Requested size: 512.14963pt x 579.53636pt.



Package fancyhdr Warning: \headheight is too small (12.0pt): 
(fancyhdr)                Make it at least 17.97171pt, for example:
(fancyhdr)                \setlength{\headheight}{17.97171pt}.
(fancyhdr)                You might also make \topmargin smaller:
(fancyhdr)                \addtolength{\topmargin}{-5.97171pt}.

[29 <./diagram/handleButtonStart.png>]
<./diagram/handleSetup.png, id=713, 159.59625pt x 307.90031pt>
File: ./diagram/handleSetup.png Graphic file (type png)
<use ./diagram/handleSetup.png>
Package pdftex.def Info: ./diagram/handleSetup.png  used on input line 416.
(pdftex.def)             Requested size: 153.64644pt x 296.4219pt.
<./diagram/handleMode.png, id=714, 465.23813pt x 813.79031pt>
File: ./diagram/handleMode.png Graphic file (type png)
<use ./diagram/handleMode.png>
Package pdftex.def Info: ./diagram/handleMode.png  used on input line 425.
(pdftex.def)             Requested size: 358.50317pt x 627.10477pt.



Package fancyhdr Warning: \headheight is too small (12.0pt): 
(fancyhdr)                Make it at least 17.97171pt, for example:
(fancyhdr)                \setlength{\headheight}{17.97171pt}.
(fancyhdr)                You might also make \topmargin smaller:
(fancyhdr)                \addtolength{\topmargin}{-5.97171pt}.

[30 <./diagram/handleSetup.png>]


Package fancyhdr Warning: \headheight is too small (12.0pt): 
(fancyhdr)                Make it at least 17.97171pt, for example:
(fancyhdr)                \setlength{\headheight}{17.97171pt}.
(fancyhdr)                You might also make \topmargin smaller:
(fancyhdr)                \addtolength{\topmargin}{-5.97171pt}.

[31 <./diagram/handleMode.png>]
<./diagram/handleStart.png, id=726, 701.62125pt x 750.55406pt>
File: ./diagram/handleStart.png Graphic file (type png)
<use ./diagram/handleStart.png>
Package pdftex.def Info: ./diagram/handleStart.png  used on input line 451.
(pdftex.def)             Requested size: 512.14963pt x 547.91136pt.



Package fancyhdr Warning: \headheight is too small (12.0pt): 
(fancyhdr)                Make it at least 17.97171pt, for example:
(fancyhdr)                \setlength{\headheight}{17.97171pt}.
(fancyhdr)                You might also make \topmargin smaller:
(fancyhdr)                \addtolength{\topmargin}{-5.97171pt}.

[32]


Package fancyhdr Warning: \headheight is too small (12.0pt): 
(fancyhdr)                Make it at least 17.97171pt, for example:
(fancyhdr)                \setlength{\headheight}{17.97171pt}.
(fancyhdr)                You might also make \topmargin smaller:
(fancyhdr)                \addtolength{\topmargin}{-5.97171pt}.

[33 <./diagram/handleStart.png>]
<./diagram/handleStop.png, id=739, 657.95813pt x 691.83469pt>
File: ./diagram/handleStop.png Graphic file (type png)
<use ./diagram/handleStop.png>
Package pdftex.def Info: ./diagram/handleStop.png  used on input line 476.
(pdftex.def)             Requested size: 512.14963pt x 538.531pt.



Package fancyhdr Warning: \headheight is too small (12.0pt): 
(fancyhdr)                Make it at least 17.97171pt, for example:
(fancyhdr)                \setlength{\headheight}{17.97171pt}.
(fancyhdr)                You might also make \topmargin smaller:
(fancyhdr)                \addtolength{\topmargin}{-5.97171pt}.

[34]


Package fancyhdr Warning: \headheight is too small (12.0pt): 
(fancyhdr)                Make it at least 17.97171pt, for example:
(fancyhdr)                \setlength{\headheight}{17.97171pt}.
(fancyhdr)                You might also make \topmargin smaller:
(fancyhdr)                \addtolength{\topmargin}{-5.97171pt}.

[35 <./diagram/handleStop.png>]
<./diagram/software_diagram.drawio.png, id=755, 577.15625pt x 1165.35374pt>
File: ./diagram/software_diagram.drawio.png Graphic file (type png)
<use ./diagram/software_diagram.drawio.png>
Package pdftex.def Info: ./diagram/software_diagram.drawio.png  used on input l
ine 504.
(pdftex.def)             Requested size: 307.2929pt x 620.47964pt.



Package fancyhdr Warning: \headheight is too small (12.0pt): 
(fancyhdr)                Make it at least 17.97171pt, for example:
(fancyhdr)                \setlength{\headheight}{17.97171pt}.
(fancyhdr)                You might also make \topmargin smaller:
(fancyhdr)                \addtolength{\topmargin}{-5.97171pt}.

[36]


Package fancyhdr Warning: \headheight is too small (12.0pt): 
(fancyhdr)                Make it at least 17.97171pt, for example:
(fancyhdr)                \setlength{\headheight}{17.97171pt}.
(fancyhdr)                You might also make \topmargin smaller:
(fancyhdr)                \addtolength{\topmargin}{-5.97171pt}.

[37 <./diagram/software_diagram.drawio.png>])


Package fancyhdr Warning: \headheight is too small (12.0pt): 
(fancyhdr)                Make it at least 17.97171pt, for example:
(fancyhdr)                \setlength{\headheight}{17.97171pt}.
(fancyhdr)                You might also make \topmargin smaller:
(fancyhdr)                \addtolength{\topmargin}{-5.97171pt}.

[38]
\openout2 = `section/working_principle.aux'.

 (section/working_principle.tex
Ch\uhorn \ohorn ng 3.


[39




]

pdfTeX warning: pdflatex.exe (file ./picture/mach_chinh_luu.pdf): PDF inclusion
: found PDF version <1.7>, but at most version <1.5> allowed
<./picture/mach_chinh_luu.pdf, id=779, 262.05682pt x 118.25038pt>
File: ./picture/mach_chinh_luu.pdf Graphic file (type pdf)
<use ./picture/mach_chinh_luu.pdf>
Package pdftex.def Info: ./picture/mach_chinh_luu.pdf  used on input line 11.
(pdftex.def)             Requested size: 307.2929pt x 138.67534pt.
LaTeX Font Info:    Calculating math sizes for size <14> on input line 35.

Package hyperref Warning: Token not allowed in a PDF string (Unicode):
(hyperref)                removing `math shift' on input line 35.


Package hyperref Warning: Token not allowed in a PDF string (Unicode):
(hyperref)                removing `math shift' on input line 35.



pdfTeX warning: pdflatex.exe (file ./picture/supply_+12V.pdf): PDF inclusion: f
ound PDF version <1.7>, but at most version <1.5> allowed
<./picture/supply_+12V.pdf, id=780, 277.79094pt x 66.84544pt>
File: ./picture/supply_+12V.pdf Graphic file (type pdf)
<use ./picture/supply_+12V.pdf>
Package pdftex.def Info: ./picture/supply_+12V.pdf  used on input line 39.
(pdftex.def)             Requested size: 307.2929pt x 73.94633pt.



Package fancyhdr Warning: \headheight is too small (12.0pt): 
(fancyhdr)                Make it at least 17.97171pt, for example:
(fancyhdr)                \setlength{\headheight}{17.97171pt}.
(fancyhdr)                You might also make \topmargin smaller:
(fancyhdr)                \addtolength{\topmargin}{-5.97171pt}.

[40 <./picture/mach_chinh_luu.pdf>]


Package fancyhdr Warning: \headheight is too small (12.0pt): 
(fancyhdr)                Make it at least 17.97171pt, for example:
(fancyhdr)                \setlength{\headheight}{17.97171pt}.
(fancyhdr)                You might also make \topmargin smaller:
(fancyhdr)                \addtolength{\topmargin}{-5.97171pt}.

[41 <./picture/supply_+12V.pdf>]

Package hyperref Warning: Token not allowed in a PDF string (Unicode):
(hyperref)                removing `math shift' on input line 84.


Package hyperref Warning: Token not allowed in a PDF string (Unicode):
(hyperref)                removing `math shift' on input line 84.



pdfTeX warning: pdflatex.exe (file ./picture/supply_-12V.pdf): PDF inclusion: f
ound PDF version <1.7>, but at most version <1.5> allowed
<./picture/supply_-12V.pdf, id=801, 278.62383pt x 71.92943pt>
File: ./picture/supply_-12V.pdf Graphic file (type pdf)
<use ./picture/supply_-12V.pdf>
Package pdftex.def Info: ./picture/supply_-12V.pdf  used on input line 88.
(pdftex.def)             Requested size: 307.2929pt x 79.33882pt.



Package fancyhdr Warning: \headheight is too small (12.0pt): 
(fancyhdr)                Make it at least 17.97171pt, for example:
(fancyhdr)                \setlength{\headheight}{17.97171pt}.
(fancyhdr)                You might also make \topmargin smaller:
(fancyhdr)                \addtolength{\topmargin}{-5.97171pt}.

[42 <./picture/supply_-12V.pdf>]

Package hyperref Warning: Token not allowed in a PDF string (Unicode):
(hyperref)                removing `math shift' on input line 133.


Package hyperref Warning: Token not allowed in a PDF string (Unicode):
(hyperref)                removing `math shift' on input line 133.

File: ./picture/power_supply_5V.pdf Graphic file (type pdf)
<use ./picture/power_supply_5V.pdf>
Package pdftex.def Info: ./picture/power_supply_5V.pdf  used on input line 137.

(pdftex.def)             Requested size: 307.2929pt x 183.73631pt.



Package fancyhdr Warning: \headheight is too small (12.0pt): 
(fancyhdr)                Make it at least 17.97171pt, for example:
(fancyhdr)                \setlength{\headheight}{17.97171pt}.
(fancyhdr)                You might also make \topmargin smaller:
(fancyhdr)                \addtolength{\topmargin}{-5.97171pt}.

[43]

Package hyperref Warning: Token not allowed in a PDF string (Unicode):
(hyperref)                removing `math shift' on input line 180.


Package hyperref Warning: Token not allowed in a PDF string (Unicode):
(hyperref)                removing `math shift' on input line 180.

File: ./picture/power_supply_3V.pdf Graphic file (type pdf)
<use ./picture/power_supply_3V.pdf>
Package pdftex.def Info: ./picture/power_supply_3V.pdf  used on input line 184.

(pdftex.def)             Requested size: 307.2929pt x 178.23758pt.



Package fancyhdr Warning: \headheight is too small (12.0pt): 
(fancyhdr)                Make it at least 17.97171pt, for example:
(fancyhdr)                \setlength{\headheight}{17.97171pt}.
(fancyhdr)                You might also make \topmargin smaller:
(fancyhdr)                \addtolength{\topmargin}{-5.97171pt}.

[44]


Package fancyhdr Warning: \headheight is too small (12.0pt): 
(fancyhdr)                Make it at least 17.97171pt, for example:
(fancyhdr)                \setlength{\headheight}{17.97171pt}.
(fancyhdr)                You might also make \topmargin smaller:
(fancyhdr)                \addtolength{\topmargin}{-5.97171pt}.

[45]

pdfTeX warning: pdflatex.exe (file ./picture/board_DC.pdf): PDF inclusion: foun
d PDF version <1.7>, but at most version <1.5> allowed
<./picture/board_DC.pdf, id=823, 391.64679pt x 183.77759pt>
File: ./picture/board_DC.pdf Graphic file (type pdf)
<use ./picture/board_DC.pdf>
Package pdftex.def Info: ./picture/board_DC.pdf  used on input line 235.
(pdftex.def)             Requested size: 307.2929pt x 144.20122pt.

Overfull \hbox (8.65317pt too wide) in paragraph at lines 252--253
[]$\OT1/cmr/m/n/12 ^^A\OML/cmm/m/it/12 V$\T5/cmr/m/n/13 : $\OT1/cmr/m/n/12 ^^A\
OML/cmm/m/it/12 V \OT1/cmr/m/n/12 = ^^A\OML/cmm/m/it/12 V \OT1/cmr/m/n/12 + ^^A
\OML/cmm/m/it/12 V[] \OT1/cmr/m/n/12 = 60\OML/cmm/m/it/12 ^^VV \OT1/cmr/m/n/12 
+ \OML/cmm/m/it/12 V[] \OMS/cmsy/m/n/12 ^^B [] \OT1/cmr/m/n/12 = 60 + \OML/cmm/
m/it/12 V[] \OMS/cmsy/m/n/12 ^^B \OT1/cmr/m/n/12 128205\OML/cmm/m/it/12 :\OT1/c
mr/m/n/12 1282(\OML/cmm/m/it/12 ^^VV\OT1/cmr/m/n/12 )$\T5/cmr/m/n/13 . 
 []




Package fancyhdr Warning: \headheight is too small (12.0pt): 
(fancyhdr)                Make it at least 17.97171pt, for example:
(fancyhdr)                \setlength{\headheight}{17.97171pt}.
(fancyhdr)                You might also make \topmargin smaller:
(fancyhdr)                \addtolength{\topmargin}{-5.97171pt}.

[46 <./picture/board_DC.pdf>]
<./picture/board_AC.pdf, id=834, 497.62141pt x 219.88449pt>
File: ./picture/board_AC.pdf Graphic file (type pdf)
<use ./picture/board_AC.pdf>
Package pdftex.def Info: ./picture/board_AC.pdf  used on input line 261.
(pdftex.def)             Requested size: 307.2929pt x 135.79013pt.


pdfTeX warning: pdflatex.exe (file ./picture/Single ADC block diagram.pdf): PDF
 inclusion: found PDF version <1.7>, but at most version <1.5> allowed
<./picture/Single ADC block diagram.pdf, id=835, 408.25543pt x 545.68185pt>
File: ./picture/Single ADC block diagram.pdf Graphic file (type pdf)
<use ./picture/Single ADC block diagram.pdf>
Package pdftex.def Info: ./picture/Single ADC block diagram.pdf  used on input 
line 290.
(pdftex.def)             Requested size: 358.50317pt x 479.18568pt.



Package fancyhdr Warning: \headheight is too small (12.0pt): 
(fancyhdr)                Make it at least 17.97171pt, for example:
(fancyhdr)                \setlength{\headheight}{17.97171pt}.
(fancyhdr)                You might also make \topmargin smaller:
(fancyhdr)                \addtolength{\topmargin}{-5.97171pt}.

[47 <./picture/board_AC.pdf>]


Package fancyhdr Warning: \headheight is too small (12.0pt): 
(fancyhdr)                Make it at least 17.97171pt, for example:
(fancyhdr)                \setlength{\headheight}{17.97171pt}.
(fancyhdr)                You might also make \topmargin smaller:
(fancyhdr)                \addtolength{\topmargin}{-5.97171pt}.

[48 <./picture/Single ADC block diagram.pdf>]
Underfull \hbox (badness 10000) in paragraph at lines 311--312

 []


Overfull \hbox (5.95435pt too wide) in paragraph at lines 313--315
\T5/cmr/m/n/13 v thng ^^_c cho mt gi tr dao ^^_ng t $\OMS/cmsy/m/n/12
 ^^F\OT1/cmr/m/n/12 1\OML/cmm/m/it/12 Q \OMS/cmsy/m/n/12 ^^X ^^F\OT1/cmr/m/n/12
 4\OML/cmm/m/it/12 Q \OMS/cmsy/m/n/12 , ^^F\OT1/cmr/m/n/12 0\OML/cmm/m/it/12 :\
OT1/cmr/m/n/12 88057 \OMS/cmsy/m/n/12 ^^X ^^F\OT1/cmr/m/n/12 3\OML/cmm/m/it/12 
:\OT1/cmr/m/n/12 52228(\OML/cmm/m/it/12 mV\OT1/cmr/m/n/12 )$\T5/cmr/m/n/13 . 
 []


Underfull \hbox (badness 10000) in paragraph at lines 315--317

 []


Underfull \hbox (badness 10000) in paragraph at lines 324--326

 []




Package fancyhdr Warning: \headheight is too small (12.0pt): 
(fancyhdr)                Make it at least 17.97171pt, for example:
(fancyhdr)                \setlength{\headheight}{17.97171pt}.
(fancyhdr)                You might also make \topmargin smaller:
(fancyhdr)                \addtolength{\topmargin}{-5.97171pt}.

[49]

pdfTeX warning: pdflatex.exe (file ./picture/DMA block diagram in connectivity 
line devices.pdf): PDF inclusion: found PDF version <1.7>, but at most version 
<1.5> allowed
<./picture/DMA block diagram in connectivity line devices.pdf, id=873, 410.0318
8pt x 359.3425pt>
File: ./picture/DMA block diagram in connectivity line devices.pdf Graphic file
 (type pdf)
<use ./picture/DMA block diagram in connectivity line devices.pdf>
Package pdftex.def Info: ./picture/DMA block diagram in connectivity line devic
es.pdf  used on input line 361.
(pdftex.def)             Requested size: 358.50317pt x 314.20457pt.



Package fancyhdr Warning: \headheight is too small (12.0pt): 
(fancyhdr)                Make it at least 17.97171pt, for example:
(fancyhdr)                \setlength{\headheight}{17.97171pt}.
(fancyhdr)                You might also make \topmargin smaller:
(fancyhdr)                \addtolength{\topmargin}{-5.97171pt}.

[50]
LaTeX Font Info:    Font shape `T5/cmtt/bx/n' in size <10.95> not available
(Font)              Font shape `T5/cmtt/m/n' tried instead on input line 395.



Package fancyhdr Warning: \headheight is too small (12.0pt): 
(fancyhdr)                Make it at least 17.97171pt, for example:
(fancyhdr)                \setlength{\headheight}{17.97171pt}.
(fancyhdr)                You might also make \topmargin smaller:
(fancyhdr)                \addtolength{\topmargin}{-5.97171pt}.

[51 <./picture/DMA block diagram in connectivity line devices.pdf>]


Package fancyhdr Warning: \headheight is too small (12.0pt): 
(fancyhdr)                Make it at least 17.97171pt, for example:
(fancyhdr)                \setlength{\headheight}{17.97171pt}.
(fancyhdr)                You might also make \topmargin smaller:
(fancyhdr)                \addtolength{\topmargin}{-5.97171pt}.

[52]


Package fancyhdr Warning: \headheight is too small (12.0pt): 
(fancyhdr)                Make it at least 17.97171pt, for example:
(fancyhdr)                \setlength{\headheight}{17.97171pt}.
(fancyhdr)                You might also make \topmargin smaller:
(fancyhdr)                \addtolength{\topmargin}{-5.97171pt}.

[53]


Package fancyhdr Warning: \headheight is too small (12.0pt): 
(fancyhdr)                Make it at least 17.97171pt, for example:
(fancyhdr)                \setlength{\headheight}{17.97171pt}.
(fancyhdr)                You might also make \topmargin smaller:
(fancyhdr)                \addtolength{\topmargin}{-5.97171pt}.

[54])


Package fancyhdr Warning: \headheight is too small (12.0pt): 
(fancyhdr)                Make it at least 17.97171pt, for example:
(fancyhdr)                \setlength{\headheight}{17.97171pt}.
(fancyhdr)                You might also make \topmargin smaller:
(fancyhdr)                \addtolength{\topmargin}{-5.97171pt}.

[55]
\openout2 = `section/thucthimach.aux'.

 (section/thucthimach.tex
Ch\uhorn \ohorn ng 4.


[56




]

pdfTeX warning: pdflatex.exe (file ./picture/layout_Fs.pdf): PDF inclusion: fou
nd PDF version <1.7>, but at most version <1.5> allowed
<./picture/layout_Fs.pdf, id=994, 794.97pt x 614.295pt>
File: ./picture/layout_Fs.pdf Graphic file (type pdf)
<use ./picture/layout_Fs.pdf>
Package pdftex.def Info: ./picture/layout_Fs.pdf  used on input line 8.
(pdftex.def)             Requested size: 409.72125pt x 316.61385pt.


pdfTeX warning: pdflatex.exe (file ./picture/layout_F.pdf): PDF inclusion: foun
d PDF version <1.7>, but at most version <1.5> allowed
<./picture/layout_F.pdf, id=995, 794.97pt x 614.295pt>
File: ./picture/layout_F.pdf Graphic file (type pdf)
<use ./picture/layout_F.pdf>
Package pdftex.def Info: ./picture/layout_F.pdf  used on input line 15.
(pdftex.def)             Requested size: 409.72125pt x 316.61385pt.



Package fancyhdr Warning: \headheight is too small (12.0pt): 
(fancyhdr)                Make it at least 17.97171pt, for example:
(fancyhdr)                \setlength{\headheight}{17.97171pt}.
(fancyhdr)                You might also make \topmargin smaller:
(fancyhdr)                \addtolength{\topmargin}{-5.97171pt}.

[57 <./picture/layout_Fs.pdf, page is rotated 90 degrees>]
<./picture/layout_B.pdf, id=1002, 794.97pt x 614.295pt>
File: ./picture/layout_B.pdf Graphic file (type pdf)
<use ./picture/layout_B.pdf>
Package pdftex.def Info: ./picture/layout_B.pdf  used on input line 22.
(pdftex.def)             Requested size: 409.72125pt x 316.61385pt.
<./picture/model_3D.png, id=1003, 1730.465pt x 933.4875pt>
File: ./picture/model_3D.png Graphic file (type png)
<use ./picture/model_3D.png>
Package pdftex.def Info: ./picture/model_3D.png  used on input line 29.
(pdftex.def)             Requested size: 409.72125pt x 221.02188pt.



Package fancyhdr Warning: \headheight is too small (12.0pt): 
(fancyhdr)                Make it at least 17.97171pt, for example:
(fancyhdr)                \setlength{\headheight}{17.97171pt}.
(fancyhdr)                You might also make \topmargin smaller:
(fancyhdr)                \addtolength{\topmargin}{-5.97171pt}.

[58 <./picture/layout_F.pdf, page is rotated 90 degrees> <./picture/layout_B.pd
f, page is rotated 90 degrees>]
<./picture/z6140688059060_129223f837543baa337e8804f1ab6d0e.jpg, id=1012, 1352.0
5125pt x 1593.70406pt>
File: ./picture/z6140688059060_129223f837543baa337e8804f1ab6d0e.jpg Graphic fil
e (type jpg)
<use ./picture/z6140688059060_129223f837543baa337e8804f1ab6d0e.jpg>
Package pdftex.def Info: ./picture/z6140688059060_129223f837543baa337e8804f1ab6
d0e.jpg  used on input line 38.
(pdftex.def)             Requested size: 512.14963pt x 603.69272pt.



Package fancyhdr Warning: \headheight is too small (12.0pt): 
(fancyhdr)                Make it at least 17.97171pt, for example:
(fancyhdr)                \setlength{\headheight}{17.97171pt}.
(fancyhdr)                You might also make \topmargin smaller:
(fancyhdr)                \addtolength{\topmargin}{-5.97171pt}.

[59 <./picture/model_3D.png>]
<./picture/z6140688059187_549b6f11830970f120cc8764fab2aaa8.jpg, id=1018, 1445.4
pt x 1253.43282pt>
File: ./picture/z6140688059187_549b6f11830970f120cc8764fab2aaa8.jpg Graphic fil
e (type jpg)
<use ./picture/z6140688059187_549b6f11830970f120cc8764fab2aaa8.jpg>
Package pdftex.def Info: ./picture/z6140688059187_549b6f11830970f120cc8764fab2a
aa8.jpg  used on input line 44.
(pdftex.def)             Requested size: 512.14963pt x 444.12067pt.



Package fancyhdr Warning: \headheight is too small (12.0pt): 
(fancyhdr)                Make it at least 17.97171pt, for example:
(fancyhdr)                \setlength{\headheight}{17.97171pt}.
(fancyhdr)                You might also make \topmargin smaller:
(fancyhdr)                \addtolength{\topmargin}{-5.97171pt}.

[60 <./picture/z6140688059060_129223f837543baa337e8804f1ab6d0e.jpg>]
<./picture/giao dien software.jpg, id=1023, 1925.1925pt x 1083.04625pt>
File: ./picture/giao dien software.jpg Graphic file (type jpg)
<use ./picture/giao dien software.jpg>
Package pdftex.def Info: ./picture/giao dien software.jpg  used on input line 5
1.
(pdftex.def)             Requested size: 512.14963pt x 288.11313pt.
)


Package fancyhdr Warning: \headheight is too small (12.0pt): 
(fancyhdr)                Make it at least 17.97171pt, for example:
(fancyhdr)                \setlength{\headheight}{17.97171pt}.
(fancyhdr)                You might also make \topmargin smaller:
(fancyhdr)                \addtolength{\topmargin}{-5.97171pt}.

[61 <./picture/z6140688059187_549b6f11830970f120cc8764fab2aaa8.jpg>]


Package fancyhdr Warning: \headheight is too small (12.0pt): 
(fancyhdr)                Make it at least 17.97171pt, for example:
(fancyhdr)                \setlength{\headheight}{17.97171pt}.
(fancyhdr)                You might also make \topmargin smaller:
(fancyhdr)                \addtolength{\topmargin}{-5.97171pt}.

[62 <./picture/giao dien software.jpg>] (oscilloscope.aux
(section/intruduction_OSC.aux) (section/design_strategy.aux)
(section/working_principle.aux) (section/thucthimach.aux))
 ***********
LaTeX2e <2024-11-01> patch level 1
L3 programming layer <2024-12-09>
 ***********


LaTeX Font Warning: Size substitutions with differences
(Font)              up to 1.0pt have occurred.

Package rerunfilecheck Info: File `oscilloscope.out' has not changed.
(rerunfilecheck)             Checksum: BF43B9268C50A5E7568F1F054DB6E9C2;6906.
 ) 
Here is how much of TeX's memory you used:
 25672 strings out of 473577
 470114 string characters out of 5716318
 1134623 words of memory out of 5000000
 48104 multiletter control sequences out of 15000+600000
 594319 words of font info for 115 fonts, out of 8000000 for 9000
 1141 hyphenation exceptions out of 8191
 117i,12n,121p,953b,1311s stack positions out of 10000i,1000n,20000p,200000b,200000s
 <C:\Users\nguye\AppData\Local\MiKTeX\fonts/pk/ljfour/jknappen/ec/dpi600\tcrm
1200.pk><C:/Users/nguye/AppData/Local/Programs/MiKTeX/fonts/type1/public/amsfon
ts/cm/cmex10.pfb><C:/Users/nguye/AppData/Local/Programs/MiKTeX/fonts/type1/publ
ic/amsfonts/cm/cmmi12.pfb><C:/Users/nguye/AppData/Local/Programs/MiKTeX/fonts/t
ype1/public/amsfonts/cm/cmmi6.pfb><C:/Users/nguye/AppData/Local/Programs/MiKTeX
/fonts/type1/public/amsfonts/cm/cmmi8.pfb><C:/Users/nguye/AppData/Local/Program
s/MiKTeX/fonts/type1/public/amsfonts/cm/cmmi9.pfb><C:/Users/nguye/AppData/Local
/Programs/MiKTeX/fonts/type1/public/amsfonts/cm/cmr12.pfb><C:/Users/nguye/AppDa
ta/Local/Programs/MiKTeX/fonts/type1/public/amsfonts/cm/cmr8.pfb><C:/Users/nguy
e/AppData/Local/Programs/MiKTeX/fonts/type1/public/amsfonts/cm/cmr9.pfb><C:/Use
rs/nguye/AppData/Local/Programs/MiKTeX/fonts/type1/public/amsfonts/cm/cmsy10.pf
b><C:/Users/nguye/AppData/Local/Programs/MiKTeX/fonts/type1/public/amsfonts/cm/
cmsy9.pfb><C:/Users/nguye/AppData/Local/Programs/MiKTeX/fonts/type1/vntex/vnr/v
nbx12.pfb><C:/Users/nguye/AppData/Local/Programs/MiKTeX/fonts/type1/vntex/vnr/v
nbx8.pfb><C:/Users/nguye/AppData/Local/Programs/MiKTeX/fonts/type1/vntex/vnr/vn
r12.pfb><C:/Users/nguye/AppData/Local/Programs/MiKTeX/fonts/type1/vntex/vnr/vnr
17.pfb><C:/Users/nguye/AppData/Local/Programs/MiKTeX/fonts/type1/vntex/vnr/vnr6
.pfb><C:/Users/nguye/AppData/Local/Programs/MiKTeX/fonts/type1/vntex/vnr/vnsl12
.pfb><C:/Users/nguye/AppData/Local/Programs/MiKTeX/fonts/type1/vntex/vnr/vnti12
.pfb><C:/Users/nguye/AppData/Local/Programs/MiKTeX/fonts/type1/vntex/vnr/vntt10
.pfb><C:/Users/nguye/AppData/Local/Programs/MiKTeX/fonts/type1/vntex/vnr/vntt12
.pfb>
Output written on oscilloscope.pdf (64 pages, 10491063 bytes).
PDF statistics:
 1175 PDF objects out of 1200 (max. 8388607)
 270 named destinations out of 1000 (max. 500000)
 568 words of extra memory for PDF output out of 10000 (max. 10000000)

